/home/fvolvert/anaconda3/envs/myenv/lib/python3.10/site-packages/torchvision/transforms/v2/_deprecated.py:42: UserWarning: The transform `ToTensor()` is deprecated and will be removed in a future release. Instead, please use `v2.Compose([v2.ToImage(), v2.ToDtype(torch.float32, scale=True)])`.Output is equivalent up to float precision.
  warnings.warn(
wandb: [wandb.login()] Loaded credentials for https://api.wandb.ai from /home/fvolvert/.netrc.
wandb: Currently logged in as: florent-volvert (florent-volvert-university-of-li-ge) to https://api.wandb.ai. Use `wandb login --relogin` to force relogin
wandb: setting up run z5sjt2ph
wandb: Tracking run with wandb version 0.26.1
wandb: Run data is saved locally in wandb_runs/wandb/run-20260514_134717-z5sjt2ph
wandb: Run `wandb offline` to turn off syncing.
wandb: Syncing run run_007
wandb: ⭐️ View project at https://wandb.ai/florent-volvert-university-of-li-ge/vehicle-reid
wandb: 🚀 View run at https://wandb.ai/florent-volvert-university-of-li-ge/vehicle-reid/runs/z5sjt2ph

device : cuda
Train  : _SubDataset(images=47710, identities=400)
Query  : _SubDataset(images=40, identities=40)
Gallery: _SubDataset(images=4967, identities=40)
  WandB  : [92menabled[0m  →  https://wandb.ai/florent-volvert-university-of-li-ge/vehicle-reid/runs/z5sjt2ph

[1m┌──────────────────────────────────────────────────────────────┐[0m
[1m│                    VehicleViT — Training                     │[0m
[1m├──────────────────────────────────────────────────────────────┤[0m
[1m│  Run    : run_007                                            │[0m
[1m│  Epochs : 2000                                               │[0m
[1m│  CSV    : runs/run_007/metrics.csv                           │[0m
[1m└──────────────────────────────────────────────────────────────┘[0m

[2m──────────────────────────────────────────────────────────────────────[0m
[2m   Epoch      Loss   Active%          LR    Rank-1       mAP   Time(s)[0m
[2m──────────────────────────────────────────────────────────────────────[0m
  1/2000  [91m  0.5896[0m  [93m  100.0%[0m    5.00e-10  [93m  0.0750[0m  [93m  0.0446[0m      23.1  [96m[1m★ best[0m[0m
[2m13:47:43[0m  [96mℹ[0m  best mAP 0.0446 → runs/run_007/best_model.pth

[1m  Triplet Health  epoch 0  [0m[93m● early phase[0m
  [2m──────────────────────────────────────────────[0m
  active              100.0%
  mean d(a,p)         1.3725  ← should decrease
  mean d(a,n)         0.8003  ← should increase
  gap                 [91m-0.5722[0m  ← margin = 0.15
  [2m──────────────────────────────────────────────[0m


[1m  Gradient Health[0m  [92m✓ healthy[0m
  [2m──────────────────────────────────────────────[0m
  global            [93m4.70e+00[0m
  patch_embed       [93m2.59e+00[0m
  cls_token         [92m4.44e-01[0m
  pos_embed         [92m4.47e-01[0m
  norm              [92m5.78e-02[0m
  proj_head         [92m1.46e+00[0m
  blocks.0          [93m2.19e+00[0m
  blocks.1          [92m1.63e+00[0m
  blocks.2          [92m1.42e+00[0m
  blocks.3          [92m1.16e+00[0m
  blocks.4          [92m1.04e+00[0m
  blocks.5          [92m9.60e-01[0m
  [2m──────────────────────────────────────────────[0m

  2/2000  [93m  0.4868[0m  [93m  100.0%[0m    5.00e-06  [2m       —[0m  [2m       —[0m      10.6        
  3/2000  [93m  0.3824[0m  [93m  100.0%[0m    1.00e-05  [2m       —[0m  [2m       —[0m      10.6        
  4/2000  [93m  0.3450[0m  [93m  100.0%[0m    1.50e-05  [2m       —[0m  [2m       —[0m      10.3        
  5/2000  [93m  0.3355[0m  [93m  100.0%[0m    2.00e-05  [2m       —[0m  [2m       —[0m      10.3        
  6/2000  [93m  0.3277[0m  [93m  100.0%[0m    2.50e-05  [2m       —[0m  [2m       —[0m      10.4        
  7/2000  [93m  0.3258[0m  [93m  100.0%[0m    3.00e-05  [2m       —[0m  [2m       —[0m      10.2        
  8/2000  [93m  0.3176[0m  [93m  100.0%[0m    3.50e-05  [2m       —[0m  [2m       —[0m      10.3        
  9/2000  [93m  0.3188[0m  [93m  100.0%[0m    4.00e-05  [2m       —[0m  [2m       —[0m      10.2        
 10/2000  [93m  0.3152[0m  [93m  100.0%[0m    4.50e-05  [2m       —[0m  [2m       —[0m      10.1        

[1m  Triplet Health  epoch 9  [0m[93m● early phase[0m
  [2m──────────────────────────────────────────────[0m
  active              100.0%
  mean d(a,p)         1.3075  ← should decrease
  mean d(a,n)         0.9954  ← should increase
  gap                 [91m-0.3121[0m  ← margin = 0.15
  [2m──────────────────────────────────────────────[0m


[1m  Gradient Health[0m  [92m✓ healthy[0m
  [2m──────────────────────────────────────────────[0m
  global            [93m2.69e+00[0m
  patch_embed       [92m1.62e+00[0m
  cls_token         [92m2.19e-01[0m
  pos_embed         [92m2.22e-01[0m
  norm              [92m2.55e-02[0m
  proj_head         [92m6.18e-01[0m
  blocks.0          [92m1.27e+00[0m
  blocks.1          [92m8.95e-01[0m
  blocks.2          [92m8.04e-01[0m
  blocks.3          [92m6.73e-01[0m
  blocks.4          [92m5.83e-01[0m
  blocks.5          [92m5.39e-01[0m
  [2m──────────────────────────────────────────────[0m

 11/2000  [93m  0.3117[0m  [93m  100.0%[0m    5.00e-05  [93m  0.1750[0m  [93m  0.0627[0m      14.7  [96m[1m★ best[0m[0m
[2m13:49:31[0m  [96mℹ[0m  best mAP 0.0627 → runs/run_007/best_model.pth
 12/2000  [93m  0.3097[0m  [93m  100.0%[0m    5.50e-05  [2m       —[0m  [2m       —[0m      10.1        
 13/2000  [93m  0.3058[0m  [93m  100.0%[0m    6.00e-05  [2m       —[0m  [2m       —[0m       9.9        
 14/2000  [93m  0.3043[0m  [93m  100.0%[0m    6.50e-05  [2m       —[0m  [2m       —[0m      10.1        
 15/2000  [93m  0.3018[0m  [93m  100.0%[0m    7.00e-05  [2m       —[0m  [2m       —[0m       9.9        
 16/2000  [93m  0.2982[0m  [93m  100.0%[0m    7.50e-05  [2m       —[0m  [2m       —[0m       9.9        
 17/2000  [93m  0.2936[0m  [93m  100.0%[0m    8.00e-05  [2m       —[0m  [2m       —[0m      10.1        
 18/2000  [93m  0.2915[0m  [93m  100.0%[0m    8.50e-05  [2m       —[0m  [2m       —[0m      10.0        
 19/2000  [93m  0.2912[0m  [93m  100.0%[0m    9.00e-05  [2m       —[0m  [2m       —[0m       9.9        
 20/2000  [93m  0.2861[0m  [93m  100.0%[0m    9.50e-05  [2m       —[0m  [2m       —[0m       9.9        

[1m  Triplet Health  epoch 19  [0m[93m● early phase[0m
  [2m──────────────────────────────────────────────[0m
  active              100.0%
  mean d(a,p)         1.3832  ← should decrease
  mean d(a,n)         1.0806  ← should increase
  gap                 [91m-0.3026[0m  ← margin = 0.15
  [2m──────────────────────────────────────────────[0m


[1m  Gradient Health[0m  [92m✓ healthy[0m
  [2m──────────────────────────────────────────────[0m
  global            [92m1.40e+00[0m
  patch_embed       [92m6.23e-01[0m
  cls_token         [92m8.45e-02[0m
  pos_embed         [92m8.66e-02[0m
  norm              [92m1.96e-02[0m
  proj_head         [92m5.49e-01[0m
  blocks.0          [92m6.24e-01[0m
  blocks.1          [92m4.78e-01[0m
  blocks.2          [92m4.44e-01[0m
  blocks.3          [92m4.11e-01[0m
  blocks.4          [92m3.70e-01[0m
  blocks.5          [92m3.72e-01[0m
  [2m──────────────────────────────────────────────[0m

 21/2000  [93m  0.2831[0m  [93m  100.0%[0m    1.00e-04  [93m  0.1250[0m  [93m  0.0647[0m      14.6  [96m[1m★ best[0m[0m
[2m13:51:15[0m  [96mℹ[0m  best mAP 0.0647 → runs/run_007/best_model.pth
 22/2000  [93m  0.2803[0m  [93m  100.0%[0m    1.05e-04  [2m       —[0m  [2m       —[0m      10.1        
 23/2000  [93m  0.2791[0m  [93m  100.0%[0m    1.10e-04  [2m       —[0m  [2m       —[0m      10.1        
 24/2000  [93m  0.2759[0m  [93m  100.0%[0m    1.15e-04  [2m       —[0m  [2m       —[0m       9.9        
 25/2000  [93m  0.2736[0m  [93m  100.0%[0m    1.20e-04  [2m       —[0m  [2m       —[0m       9.8        
 26/2000  [93m  0.2697[0m  [93m  100.0%[0m    1.25e-04  [2m       —[0m  [2m       —[0m       9.9        
 27/2000  [93m  0.2669[0m  [93m  100.0%[0m    1.30e-04  [2m       —[0m  [2m       —[0m       9.9        
 28/2000  [93m  0.2648[0m  [93m  100.0%[0m    1.35e-04  [2m       —[0m  [2m       —[0m       9.9        
 29/2000  [93m  0.2627[0m  [93m  100.0%[0m    1.40e-04  [2m       —[0m  [2m       —[0m       9.7        
 30/2000  [93m  0.2594[0m  [93m  100.0%[0m    1.45e-04  [2m       —[0m  [2m       —[0m       9.9        

[1m  Triplet Health  epoch 29  [0m[93m● early phase[0m
  [2m──────────────────────────────────────────────[0m
  active              100.0%
  mean d(a,p)         1.4745  ← should decrease
  mean d(a,n)         1.1740  ← should increase
  gap                 [91m-0.3004[0m  ← margin = 0.15
  [2m──────────────────────────────────────────────[0m


[1m  Gradient Health[0m  [92m✓ healthy[0m
  [2m──────────────────────────────────────────────[0m
  global            [92m1.26e+00[0m
  patch_embed       [92m5.72e-01[0m
  cls_token         [92m6.30e-02[0m
  pos_embed         [92m6.51e-02[0m
  norm              [92m1.95e-02[0m
  proj_head         [92m5.89e-01[0m
  blocks.0          [92m4.83e-01[0m
  blocks.1          [92m4.06e-01[0m
  blocks.2          [92m3.88e-01[0m
  blocks.3          [92m3.60e-01[0m
  blocks.4          [92m3.38e-01[0m
  blocks.5          [92m3.31e-01[0m
  [2m──────────────────────────────────────────────[0m

 31/2000  [93m  0.2589[0m  [93m  100.0%[0m    1.50e-04  [93m  0.2000[0m  [93m  0.0812[0m      14.4  [96m[1m★ best[0m[0m
[2m13:52:59[0m  [96mℹ[0m  best mAP 0.0812 → runs/run_007/best_model.pth
 32/2000  [93m  0.2558[0m  [93m  100.0%[0m    1.55e-04  [2m       —[0m  [2m       —[0m       9.9        
 33/2000  [93m  0.2528[0m  [93m  100.0%[0m    1.60e-04  [2m       —[0m  [2m       —[0m       9.8        
 34/2000  [93m  0.2516[0m  [93m  100.0%[0m    1.65e-04  [2m       —[0m  [2m       —[0m       9.8        
 35/2000  [93m  0.2511[0m  [93m  100.0%[0m    1.70e-04  [2m       —[0m  [2m       —[0m       9.9        
 36/2000  [93m  0.2465[0m  [93m  100.0%[0m    1.75e-04  [2m       —[0m  [2m       —[0m       9.9        
 37/2000  [93m  0.2486[0m  [93m  100.0%[0m    1.80e-04  [2m       —[0m  [2m       —[0m       9.7        
 38/2000  [93m  0.2438[0m  [93m  100.0%[0m    1.85e-04  [2m       —[0m  [2m       —[0m       9.9        
 39/2000  [93m  0.2446[0m  [93m  100.0%[0m    1.90e-04  [2m       —[0m  [2m       —[0m       9.9        
 40/2000  [93m  0.2456[0m  [93m  100.0%[0m    1.95e-04  [2m       —[0m  [2m       —[0m       9.9        

[1m  Triplet Health  epoch 39  [0m[93m● early phase[0m
  [2m──────────────────────────────────────────────[0m
  active              100.0%
  mean d(a,p)         1.4901  ← should decrease
  mean d(a,n)         1.1982  ← should increase
  gap                 [91m-0.2919[0m  ← margin = 0.15
  [2m──────────────────────────────────────────────[0m


[1m  Gradient Health[0m  [92m✓ healthy[0m
  [2m──────────────────────────────────────────────[0m
  global            [92m9.46e-01[0m
  patch_embed       [92m2.83e-01[0m
  cls_token         [92m3.13e-02[0m
  pos_embed         [92m3.34e-02[0m
  norm              [92m1.77e-02[0m
  proj_head         [92m5.76e-01[0m
  blocks.0          [92m3.31e-01[0m
  blocks.1          [92m2.86e-01[0m
  blocks.2          [92m2.76e-01[0m
  blocks.3          [92m2.70e-01[0m
  blocks.4          [92m2.69e-01[0m
  blocks.5          [92m2.62e-01[0m
  [2m──────────────────────────────────────────────[0m

 41/2000  [93m  0.2431[0m  [93m  100.0%[0m    2.00e-04  [93m  0.1250[0m  [93m  0.0847[0m      14.4  [96m[1m★ best[0m[0m
[2m13:54:42[0m  [96mℹ[0m  best mAP 0.0847 → runs/run_007/best_model.pth
 42/2000  [93m  0.2395[0m  [93m  100.0%[0m    2.05e-04  [2m       —[0m  [2m       —[0m       9.7        
 43/2000  [93m  0.2398[0m  [93m  100.0%[0m    2.10e-04  [2m       —[0m  [2m       —[0m      10.0        
 44/2000  [93m  0.2384[0m  [93m  100.0%[0m    2.15e-04  [2m       —[0m  [2m       —[0m       9.7        
 45/2000  [93m  0.2389[0m  [93m  100.0%[0m    2.20e-04  [2m       —[0m  [2m       —[0m       9.7        
 46/2000  [93m  0.2357[0m  [93m  100.0%[0m    2.25e-04  [2m       —[0m  [2m       —[0m       9.8        
 47/2000  [93m  0.2356[0m  [93m  100.0%[0m    2.30e-04  [2m       —[0m  [2m       —[0m       9.8        
 48/2000  [93m  0.2379[0m  [93m  100.0%[0m    2.35e-04  [2m       —[0m  [2m       —[0m       9.9        
 49/2000  [93m  0.2312[0m  [93m  100.0%[0m    2.40e-04  [2m       —[0m  [2m       —[0m       9.8        
 50/2000  [93m  0.2321[0m  [93m  100.0%[0m    2.45e-04  [2m       —[0m  [2m       —[0m       9.7        

[1m  Triplet Health  epoch 49  [0m[93m● early phase[0m
  [2m──────────────────────────────────────────────[0m
  active              100.0%
  mean d(a,p)         1.4834  ← should decrease
  mean d(a,n)         1.2046  ← should increase
  gap                 [91m-0.2788[0m  ← margin = 0.15
  [2m──────────────────────────────────────────────[0m


[1m  Gradient Health[0m  [92m✓ healthy[0m
  [2m──────────────────────────────────────────────[0m
  global            [92m8.54e-01[0m
  patch_embed       [92m2.53e-01[0m
  cls_token         [92m3.12e-02[0m
  pos_embed         [92m3.68e-02[0m
  norm              [92m2.01e-02[0m
  proj_head         [92m5.60e-01[0m
  blocks.0          [92m2.78e-01[0m
  blocks.1          [92m2.41e-01[0m
  blocks.2          [92m2.42e-01[0m
  blocks.3          [92m2.30e-01[0m
  blocks.4          [92m2.34e-01[0m
  blocks.5          [92m2.18e-01[0m
  [2m──────────────────────────────────────────────[0m

 51/2000  [93m  0.2323[0m  [93m  100.0%[0m    2.50e-04  [93m  0.1500[0m  [93m  0.0929[0m      14.2  [96m[1m★ best[0m[0m
[2m13:56:25[0m  [96mℹ[0m  best mAP 0.0929 → runs/run_007/best_model.pth
 52/2000  [93m  0.2296[0m  [93m  100.0%[0m    2.55e-04  [2m       —[0m  [2m       —[0m       9.7        
 53/2000  [93m  0.2292[0m  [93m  100.0%[0m    2.60e-04  [2m       —[0m  [2m       —[0m       9.7        
 54/2000  [93m  0.2281[0m  [93m  100.0%[0m    2.65e-04  [2m       —[0m  [2m       —[0m       9.7        
 55/2000  [93m  0.2285[0m  [93m  100.0%[0m    2.70e-04  [2m       —[0m  [2m       —[0m       9.7        
 56/2000  [93m  0.2281[0m  [93m  100.0%[0m    2.75e-04  [2m       —[0m  [2m       —[0m       9.6        
 57/2000  [93m  0.2244[0m  [93m  100.0%[0m    2.80e-04  [2m       —[0m  [2m       —[0m       9.7        
 58/2000  [93m  0.2248[0m  [93m  100.0%[0m    2.85e-04  [2m       —[0m  [2m       —[0m       9.7        
 59/2000  [93m  0.2233[0m  [93m  100.0%[0m    2.90e-04  [2m       —[0m  [2m       —[0m       9.9        
 60/2000  [93m  0.2228[0m  [93m  100.0%[0m    2.95e-04  [2m       —[0m  [2m       —[0m       9.8        

[1m  Triplet Health  epoch 59  [0m[93m● early phase[0m
  [2m──────────────────────────────────────────────[0m
  active              100.0%
  mean d(a,p)         1.4802  ← should decrease
  mean d(a,n)         1.2106  ← should increase
  gap                 [91m-0.2696[0m  ← margin = 0.15
  [2m──────────────────────────────────────────────[0m


[1m  Gradient Health[0m  [92m✓ healthy[0m
  [2m──────────────────────────────────────────────[0m
  global            [92m7.46e-01[0m
  patch_embed       [92m1.87e-01[0m
  cls_token         [92m1.65e-02[0m
  pos_embed         [92m1.86e-02[0m
  norm              [92m1.87e-02[0m
  proj_head         [92m5.43e-01[0m
  blocks.0          [92m2.18e-01[0m
  blocks.1          [92m1.92e-01[0m
  blocks.2          [92m1.88e-01[0m
  blocks.3          [92m1.93e-01[0m
  blocks.4          [92m1.95e-01[0m
  blocks.5          [92m1.78e-01[0m
  [2m──────────────────────────────────────────────[0m

 61/2000  [93m  0.2248[0m  [93m  100.0%[0m    3.00e-04  [93m  0.2000[0m  [93m  0.0979[0m      14.2  [96m[1m★ best[0m[0m
[2m13:58:07[0m  [96mℹ[0m  best mAP 0.0979 → runs/run_007/best_model.pth
 62/2000  [93m  0.2246[0m  [93m  100.0%[0m    3.05e-04  [2m       —[0m  [2m       —[0m       9.8        
 63/2000  [93m  0.2218[0m  [93m  100.0%[0m    3.10e-04  [2m       —[0m  [2m       —[0m       9.9        
 64/2000  [93m  0.2228[0m  [93m  100.0%[0m    3.15e-04  [2m       —[0m  [2m       —[0m       9.9        
 65/2000  [93m  0.2199[0m  [93m  100.0%[0m    3.20e-04  [2m       —[0m  [2m       —[0m       9.9        
 66/2000  [93m  0.2197[0m  [93m  100.0%[0m    3.25e-04  [2m       —[0m  [2m       —[0m       9.7        
 67/2000  [93m  0.2202[0m  [93m  100.0%[0m    3.30e-04  [2m       —[0m  [2m       —[0m       9.9        
 68/2000  [93m  0.2179[0m  [93m  100.0%[0m    3.35e-04  [2m       —[0m  [2m       —[0m       9.8        
 69/2000  [93m  0.2182[0m  [93m  100.0%[0m    3.40e-04  [2m       —[0m  [2m       —[0m       9.7        
 70/2000  [93m  0.2189[0m  [93m  100.0%[0m    3.45e-04  [2m       —[0m  [2m       —[0m       9.8        

[1m  Triplet Health  epoch 69  [0m[93m● early phase[0m
  [2m──────────────────────────────────────────────[0m
  active              100.0%
  mean d(a,p)         1.4746  ← should decrease
  mean d(a,n)         1.2092  ← should increase
  gap                 [91m-0.2655[0m  ← margin = 0.15
  [2m──────────────────────────────────────────────[0m


[1m  Gradient Health[0m  [92m✓ healthy[0m
  [2m──────────────────────────────────────────────[0m
  global            [92m7.29e-01[0m
  patch_embed       [92m1.81e-01[0m
  cls_token         [92m2.29e-02[0m
  pos_embed         [92m2.62e-02[0m
  norm              [92m1.79e-02[0m
  proj_head         [92m5.58e-01[0m
  blocks.0          [92m2.04e-01[0m
  blocks.1          [92m1.65e-01[0m
  blocks.2          [92m1.70e-01[0m
  blocks.3          [92m1.70e-01[0m
  blocks.4          [92m1.76e-01[0m
  blocks.5          [92m1.66e-01[0m
  [2m──────────────────────────────────────────────[0m

 71/2000  [93m  0.2153[0m  [93m  100.0%[0m    3.50e-04  [93m  0.1750[0m  [93m  0.0985[0m      14.2  [96m[1m★ best[0m[0m
[2m13:59:49[0m  [96mℹ[0m  best mAP 0.0985 → runs/run_007/best_model.pth
 72/2000  [93m  0.2170[0m  [93m  100.0%[0m    3.55e-04  [2m       —[0m  [2m       —[0m       9.7        
 73/2000  [93m  0.2162[0m  [93m  100.0%[0m    3.60e-04  [2m       —[0m  [2m       —[0m      10.0        
 74/2000  [93m  0.2183[0m  [93m  100.0%[0m    3.65e-04  [2m       —[0m  [2m       —[0m       9.9        
 75/2000  [93m  0.2140[0m  [93m  100.0%[0m    3.70e-04  [2m       —[0m  [2m       —[0m       9.7        
 76/2000  [93m  0.2163[0m  [93m  100.0%[0m    3.75e-04  [2m       —[0m  [2m       —[0m       9.6        
 77/2000  [93m  0.2150[0m  [93m  100.0%[0m    3.80e-04  [2m       —[0m  [2m       —[0m       9.7        
 78/2000  [93m  0.2182[0m  [93m  100.0%[0m    3.85e-04  [2m       —[0m  [2m       —[0m       9.9        
 79/2000  [93m  0.2125[0m  [93m   99.9%[0m    3.90e-04  [2m       —[0m  [2m       —[0m       9.7        
 80/2000  [93m  0.2125[0m  [93m  100.0%[0m    3.95e-04  [2m       —[0m  [2m       —[0m       9.7        

[1m  Triplet Health  epoch 79  [0m[93m● early phase[0m
  [2m──────────────────────────────────────────────[0m
  active              100.0%
  mean d(a,p)         1.4739  ← should decrease
  mean d(a,n)         1.2145  ← should increase
  gap                 [91m-0.2594[0m  ← margin = 0.15
  [2m──────────────────────────────────────────────[0m


[1m  Gradient Health[0m  [92m✓ healthy[0m
  [2m──────────────────────────────────────────────[0m
  global            [92m6.67e-01[0m
  patch_embed       [92m1.47e-01[0m
  cls_token         [92m2.30e-02[0m
  pos_embed         [92m2.52e-02[0m
  norm              [92m1.81e-02[0m
  proj_head         [92m5.32e-01[0m
  blocks.0          [92m1.72e-01[0m
  blocks.1          [92m1.46e-01[0m
  blocks.2          [92m1.52e-01[0m
  blocks.3          [92m1.54e-01[0m
  blocks.4          [92m1.45e-01[0m
  blocks.5          [92m1.40e-01[0m
  [2m──────────────────────────────────────────────[0m

 81/2000  [93m  0.2123[0m  [93m  100.0%[0m    4.00e-04  [93m  0.1750[0m  [93m  0.1079[0m      14.4  [96m[1m★ best[0m[0m
[2m14:01:32[0m  [96mℹ[0m  best mAP 0.1079 → runs/run_007/best_model.pth
 82/2000  [93m  0.2133[0m  [93m   99.9%[0m    4.05e-04  [2m       —[0m  [2m       —[0m       9.7        
 83/2000  [93m  0.2098[0m  [93m  100.0%[0m    4.10e-04  [2m       —[0m  [2m       —[0m       9.8        
 84/2000  [93m  0.2119[0m  [93m  100.0%[0m    4.15e-04  [2m       —[0m  [2m       —[0m       9.8        
 85/2000  [93m  0.2131[0m  [93m  100.0%[0m    4.20e-04  [2m       —[0m  [2m       —[0m       9.9        
 86/2000  [93m  0.2094[0m  [93m  100.0%[0m    4.25e-04  [2m       —[0m  [2m       —[0m       9.6        
 87/2000  [93m  0.2122[0m  [93m   99.9%[0m    4.30e-04  [2m       —[0m  [2m       —[0m       9.8        
 88/2000  [93m  0.2112[0m  [93m  100.0%[0m    4.35e-04  [2m       —[0m  [2m       —[0m       9.8        
 89/2000  [93m  0.2092[0m  [93m  100.0%[0m    4.40e-04  [2m       —[0m  [2m       —[0m       9.7        
 90/2000  [93m  0.2118[0m  [93m  100.0%[0m    4.45e-04  [2m       —[0m  [2m       —[0m       9.8        

[1m  Triplet Health  epoch 89  [0m[93m● early phase[0m
  [2m──────────────────────────────────────────────[0m
  active              100.0%
  mean d(a,p)         1.4708  ← should decrease
  mean d(a,n)         1.2124  ← should increase
  gap                 [91m-0.2584[0m  ← margin = 0.15
  [2m──────────────────────────────────────────────[0m


[1m  Gradient Health[0m  [92m✓ healthy[0m
  [2m──────────────────────────────────────────────[0m
  global            [92m6.53e-01[0m
  patch_embed       [92m1.41e-01[0m
  cls_token         [92m1.86e-02[0m
  pos_embed         [92m2.95e-02[0m
  norm              [92m1.83e-02[0m
  proj_head         [92m5.36e-01[0m
  blocks.0          [92m1.59e-01[0m
  blocks.1          [92m1.36e-01[0m
  blocks.2          [92m1.45e-01[0m
  blocks.3          [92m1.43e-01[0m
  blocks.4          [92m1.29e-01[0m
  blocks.5          [92m1.28e-01[0m
  [2m──────────────────────────────────────────────[0m

 91/2000  [93m  0.2114[0m  [93m  100.0%[0m    4.50e-04  [93m  0.2500[0m  [93m  0.1201[0m      14.2  [96m[1m★ best[0m[0m
[2m14:03:14[0m  [96mℹ[0m  best mAP 0.1201 → runs/run_007/best_model.pth
 92/2000  [93m  0.2103[0m  [93m  100.0%[0m    4.55e-04  [2m       —[0m  [2m       —[0m       9.8        
 93/2000  [93m  0.2077[0m  [93m   99.9%[0m    4.60e-04  [2m       —[0m  [2m       —[0m       9.9        
 94/2000  [93m  0.2099[0m  [93m  100.0%[0m    4.65e-04  [2m       —[0m  [2m       —[0m       9.7        
 95/2000  [93m  0.2085[0m  [93m  100.0%[0m    4.70e-04  [2m       —[0m  [2m       —[0m       9.6        
 96/2000  [93m  0.2095[0m  [93m  100.0%[0m    4.75e-04  [2m       —[0m  [2m       —[0m       9.8        
 97/2000  [93m  0.2085[0m  [93m  100.0%[0m    4.80e-04  [2m       —[0m  [2m       —[0m       9.7        
 98/2000  [93m  0.2081[0m  [93m   99.9%[0m    4.85e-04  [2m       —[0m  [2m       —[0m       9.6        
 99/2000  [93m  0.2108[0m  [93m  100.0%[0m    4.90e-04  [2m       —[0m  [2m       —[0m       9.9        
/home/fvolvert/anaconda3/envs/myenv/lib/python3.10/site-packages/torch/optim/lr_scheduler.py:198: UserWarning: The epoch parameter in `scheduler.step()` was not necessary and is being deprecated where possible. Please use `scheduler.step()` to step the scheduler. During the deprecation, if epoch is different from None, the closed form is used instead of the new chainable form, where available. Please open an issue if you are unable to replicate your use case: https://github.com/pytorch/pytorch/issues/new/choose.
  warnings.warn(EPOCH_DEPRECATION_WARNING, UserWarning)
100/2000  [93m  0.2093[0m  [93m  100.0%[0m    4.95e-04  [2m       —[0m  [2m       —[0m       9.8        

[1m  Triplet Health  epoch 99  [0m[93m● early phase[0m
  [2m──────────────────────────────────────────────[0m
  active              100.0%
  mean d(a,p)         1.4627  ← should decrease
  mean d(a,n)         1.2072  ← should increase
  gap                 [91m-0.2555[0m  ← margin = 0.15
  [2m──────────────────────────────────────────────[0m


[1m  Gradient Health[0m  [92m✓ healthy[0m
  [2m──────────────────────────────────────────────[0m
  global            [92m6.34e-01[0m
  patch_embed       [92m1.77e-01[0m
  cls_token         [92m2.65e-02[0m
  pos_embed         [92m2.96e-02[0m
  norm              [92m1.80e-02[0m
  proj_head         [92m5.18e-01[0m
  blocks.0          [92m1.55e-01[0m
  blocks.1          [92m1.28e-01[0m
  blocks.2          [92m1.31e-01[0m
  blocks.3          [92m1.27e-01[0m
  blocks.4          [92m1.17e-01[0m
  blocks.5          [92m1.15e-01[0m
  [2m──────────────────────────────────────────────[0m

101/2000  [93m  0.2075[0m  [93m  100.0%[0m    5.00e-04  [93m  0.2750[0m  [93m  0.1520[0m      14.2  [96m[1m★ best[0m[0m
[2m14:04:56[0m  [96mℹ[0m  best mAP 0.1520 → runs/run_007/best_model.pth
102/2000  [93m  0.2089[0m  [93m   99.8%[0m    5.00e-04  [2m       —[0m  [2m       —[0m       9.7        
103/2000  [93m  0.2087[0m  [93m   99.9%[0m    5.00e-04  [2m       —[0m  [2m       —[0m       9.8        
104/2000  [93m  0.2092[0m  [93m  100.0%[0m    5.00e-04  [2m       —[0m  [2m       —[0m       9.7        
105/2000  [93m  0.2086[0m  [93m   99.8%[0m    5.00e-04  [2m       —[0m  [2m       —[0m       9.7        
106/2000  [93m  0.2093[0m  [93m  100.0%[0m    5.00e-04  [2m       —[0m  [2m       —[0m       9.6        
107/2000  [93m  0.2089[0m  [93m  100.0%[0m    5.00e-04  [2m       —[0m  [2m       —[0m       9.7        
108/2000  [93m  0.2048[0m  [93m  100.0%[0m    5.00e-04  [2m       —[0m  [2m       —[0m       9.8        
109/2000  [93m  0.2054[0m  [93m  100.0%[0m    5.00e-04  [2m       —[0m  [2m       —[0m       9.9        
110/2000  [93m  0.2032[0m  [93m  100.0%[0m    5.00e-04  [2m       —[0m  [2m       —[0m       9.7        

[1m  Triplet Health  epoch 109  [0m[93m● early phase[0m
  [2m──────────────────────────────────────────────[0m
  active              100.0%
  mean d(a,p)         1.4526  ← should decrease
  mean d(a,n)         1.2036  ← should increase
  gap                 [91m-0.2490[0m  ← margin = 0.15
  [2m──────────────────────────────────────────────[0m


[1m  Gradient Health[0m  [92m✓ healthy[0m
  [2m──────────────────────────────────────────────[0m
  global            [92m5.94e-01[0m
  patch_embed       [92m1.42e-01[0m
  cls_token         [92m2.60e-02[0m
  pos_embed         [92m2.76e-02[0m
  norm              [92m1.71e-02[0m
  proj_head         [92m4.98e-01[0m
  blocks.0          [92m1.40e-01[0m
  blocks.1          [92m1.14e-01[0m
  blocks.2          [92m1.19e-01[0m
  blocks.3          [92m1.14e-01[0m
  blocks.4          [92m1.08e-01[0m
  blocks.5          [92m1.10e-01[0m
  [2m──────────────────────────────────────────────[0m

111/2000  [93m  0.2053[0m  [93m   99.7%[0m    5.00e-04  [93m  0.2250[0m  [93m  0.1697[0m      14.2  [96m[1m★ best[0m[0m
[2m14:06:38[0m  [96mℹ[0m  best mAP 0.1697 → runs/run_007/best_model.pth
112/2000  [93m  0.2053[0m  [93m   99.9%[0m    5.00e-04  [2m       —[0m  [2m       —[0m       9.7        
113/2000  [93m  0.2023[0m  [93m   99.9%[0m    5.00e-04  [2m       —[0m  [2m       —[0m       9.8        
114/2000  [93m  0.2027[0m  [93m  100.0%[0m    5.00e-04  [2m       —[0m  [2m       —[0m       9.6        
115/2000  [93m  0.2047[0m  [93m  100.0%[0m    5.00e-04  [2m       —[0m  [2m       —[0m       9.7        
116/2000  [93m  0.2058[0m  [93m   99.8%[0m    5.00e-04  [2m       —[0m  [2m       —[0m       9.6        
117/2000  [93m  0.2018[0m  [93m   99.9%[0m    5.00e-04  [2m       —[0m  [2m       —[0m       9.9        
118/2000  [93m  0.2000[0m  [93m  100.0%[0m    5.00e-04  [2m       —[0m  [2m       —[0m       9.8        
119/2000  [93m  0.2024[0m  [93m   99.9%[0m    5.00e-04  [2m       —[0m  [2m       —[0m       9.7        
120/2000  [93m  0.2000[0m  [93m  100.0%[0m    5.00e-04  [2m       —[0m  [2m       —[0m       9.7        

[1m  Triplet Health  epoch 119  [0m[93m● early phase[0m
  [2m──────────────────────────────────────────────[0m
  active              100.0%
  mean d(a,p)         1.4492  ← should decrease
  mean d(a,n)         1.2036  ← should increase
  gap                 [91m-0.2456[0m  ← margin = 0.15
  [2m──────────────────────────────────────────────[0m


[1m  Gradient Health[0m  [92m✓ healthy[0m
  [2m──────────────────────────────────────────────[0m
  global            [92m5.97e-01[0m
  patch_embed       [92m1.38e-01[0m
  cls_token         [92m1.40e-02[0m
  pos_embed         [92m1.77e-02[0m
  norm              [92m1.80e-02[0m
  proj_head         [92m5.08e-01[0m
  blocks.0          [92m1.30e-01[0m
  blocks.1          [92m1.12e-01[0m
  blocks.2          [92m1.13e-01[0m
  blocks.3          [92m1.12e-01[0m
  blocks.4          [92m1.08e-01[0m
  blocks.5          [92m1.10e-01[0m
  [2m──────────────────────────────────────────────[0m

121/2000  [93m  0.1999[0m  [93m   99.7%[0m    5.00e-04  [93m  0.3250[0m  [93m  0.2027[0m      14.2  [96m[1m★ best[0m[0m
[2m14:08:20[0m  [96mℹ[0m  best mAP 0.2027 → runs/run_007/best_model.pth
122/2000  [93m  0.2015[0m  [93m   99.9%[0m    5.00e-04  [2m       —[0m  [2m       —[0m       9.8        
123/2000  [93m  0.1987[0m  [93m   99.9%[0m    5.00e-04  [2m       —[0m  [2m       —[0m       9.7        
124/2000  [93m  0.2020[0m  [93m  100.0%[0m    5.00e-04  [2m       —[0m  [2m       —[0m       9.9        
125/2000  [93m  0.1999[0m  [93m   99.7%[0m    5.00e-04  [2m       —[0m  [2m       —[0m       9.7        
126/2000  [93m  0.1981[0m  [93m   99.9%[0m    5.00e-04  [2m       —[0m  [2m       —[0m       9.7        
127/2000  [93m  0.2008[0m  [93m   99.7%[0m    5.00e-04  [2m       —[0m  [2m       —[0m       9.6        
128/2000  [93m  0.1984[0m  [93m   99.8%[0m    5.00e-04  [2m       —[0m  [2m       —[0m       9.8        
129/2000  [93m  0.1990[0m  [93m   99.7%[0m    5.00e-04  [2m       —[0m  [2m       —[0m       9.7        
130/2000  [93m  0.1946[0m  [93m   99.9%[0m    5.00e-04  [2m       —[0m  [2m       —[0m       9.9        

[1m  Triplet Health  epoch 129  [0m[93m● early phase[0m
  [2m──────────────────────────────────────────────[0m
  active               99.9%
  mean d(a,p)         1.4427  ← should decrease
  mean d(a,n)         1.2029  ← should increase
  gap                 [91m-0.2398[0m  ← margin = 0.15
  [2m──────────────────────────────────────────────[0m


[1m  Gradient Health[0m  [92m✓ healthy[0m
  [2m──────────────────────────────────────────────[0m
  global            [92m5.73e-01[0m
  patch_embed       [92m1.17e-01[0m
  cls_token         [92m1.57e-02[0m
  pos_embed         [92m1.88e-02[0m
  norm              [92m1.84e-02[0m
  proj_head         [92m4.94e-01[0m
  blocks.0          [92m1.23e-01[0m
  blocks.1          [92m1.07e-01[0m
  blocks.2          [92m1.06e-01[0m
  blocks.3          [92m1.01e-01[0m
  blocks.4          [92m1.12e-01[0m
  blocks.5          [92m9.92e-02[0m
  [2m──────────────────────────────────────────────[0m

131/2000  [93m  0.1952[0m  [93m   99.7%[0m    5.00e-04  [93m  0.2250[0m  [93m  0.1882[0m      14.3        
132/2000  [93m  0.1984[0m  [93m   99.7%[0m    5.00e-04  [2m       —[0m  [2m       —[0m       9.8        
133/2000  [93m  0.1978[0m  [93m   99.9%[0m    5.00e-04  [2m       —[0m  [2m       —[0m       9.6        
134/2000  [93m  0.1943[0m  [93m  100.0%[0m    5.00e-04  [2m       —[0m  [2m       —[0m       9.7        
135/2000  [93m  0.1947[0m  [93m   99.8%[0m    5.00e-04  [2m       —[0m  [2m       —[0m       9.8        
136/2000  [93m  0.1969[0m  [93m  100.0%[0m    5.00e-04  [2m       —[0m  [2m       —[0m       9.6        
137/2000  [93m  0.1948[0m  [93m   99.7%[0m    5.00e-04  [2m       —[0m  [2m       —[0m       9.8        
138/2000  [93m  0.1939[0m  [93m   99.9%[0m    5.00e-04  [2m       —[0m  [2m       —[0m       9.6        
139/2000  [93m  0.1963[0m  [93m   99.8%[0m    5.00e-04  [2m       —[0m  [2m       —[0m       9.7        
140/2000  [93m  0.1958[0m  [93m   99.9%[0m    4.99e-04  [2m       —[0m  [2m       —[0m       9.8        

[1m  Triplet Health  epoch 139  [0m[93m● early phase[0m
  [2m──────────────────────────────────────────────[0m
  active               99.9%
  mean d(a,p)         1.4349  ← should decrease
  mean d(a,n)         1.1941  ← should increase
  gap                 [91m-0.2408[0m  ← margin = 0.15
  [2m──────────────────────────────────────────────[0m


[1m  Gradient Health[0m  [92m✓ healthy[0m
  [2m──────────────────────────────────────────────[0m
  global            [92m5.92e-01[0m
  patch_embed       [92m2.00e-01[0m
  cls_token         [92m1.73e-02[0m
  pos_embed         [92m2.24e-02[0m
  norm              [92m1.79e-02[0m
  proj_head         [92m4.90e-01[0m
  blocks.0          [92m1.35e-01[0m
  blocks.1          [92m1.02e-01[0m
  blocks.2          [92m1.05e-01[0m
  blocks.3          [92m9.80e-02[0m
  blocks.4          [92m9.42e-02[0m
  blocks.5          [92m1.04e-01[0m
  [2m──────────────────────────────────────────────[0m

141/2000  [93m  0.1951[0m  [93m  100.0%[0m    4.99e-04  [93m  0.3000[0m  [93m  0.2026[0m      14.2        
142/2000  [93m  0.1950[0m  [93m   99.8%[0m    4.99e-04  [2m       —[0m  [2m       —[0m       9.6        
143/2000  [93m  0.1937[0m  [93m   99.8%[0m    4.99e-04  [2m       —[0m  [2m       —[0m       9.6        
144/2000  [93m  0.1922[0m  [93m   99.8%[0m    4.99e-04  [2m       —[0m  [2m       —[0m       9.7        
145/2000  [93m  0.1910[0m  [93m   99.7%[0m    4.99e-04  [2m       —[0m  [2m       —[0m       9.7        
146/2000  [93m  0.1920[0m  [93m   99.9%[0m    4.99e-04  [2m       —[0m  [2m       —[0m       9.7        
147/2000  [93m  0.1929[0m  [93m  100.0%[0m    4.99e-04  [2m       —[0m  [2m       —[0m       9.6        
148/2000  [93m  0.1888[0m  [93m   99.9%[0m    4.99e-04  [2m       —[0m  [2m       —[0m       9.7        
149/2000  [93m  0.1892[0m  [93m   99.8%[0m    4.99e-04  [2m       —[0m  [2m       —[0m       9.8        
150/2000  [93m  0.1913[0m  [93m   99.8%[0m    4.99e-04  [2m       —[0m  [2m       —[0m       9.7        

[1m  Triplet Health  epoch 149  [0m[93m● early phase[0m
  [2m──────────────────────────────────────────────[0m
  active               99.8%
  mean d(a,p)         1.4324  ← should decrease
  mean d(a,n)         1.1967  ← should increase
  gap                 [91m-0.2357[0m  ← margin = 0.15
  [2m──────────────────────────────────────────────[0m


[1m  Gradient Health[0m  [92m✓ healthy[0m
  [2m──────────────────────────────────────────────[0m
  global            [92m5.73e-01[0m
  patch_embed       [92m1.54e-01[0m
  cls_token         [92m1.42e-02[0m
  pos_embed         [92m1.89e-02[0m
  norm              [92m2.02e-02[0m
  proj_head         [92m4.89e-01[0m
  blocks.0          [92m1.28e-01[0m
  blocks.1          [92m1.00e-01[0m
  blocks.2          [92m1.07e-01[0m
  blocks.3          [92m9.36e-02[0m
  blocks.4          [92m9.49e-02[0m
  blocks.5          [92m9.44e-02[0m
  [2m──────────────────────────────────────────────[0m

151/2000  [93m  0.1904[0m  [93m   99.8%[0m    4.99e-04  [93m  0.2500[0m  [93m  0.2424[0m      14.2  [96m[1m★ best[0m[0m
[2m14:13:24[0m  [96mℹ[0m  best mAP 0.2424 → runs/run_007/best_model.pth
152/2000  [93m  0.1906[0m  [93m   99.8%[0m    4.99e-04  [2m       —[0m  [2m       —[0m       9.8        
153/2000  [93m  0.1874[0m  [93m  100.0%[0m    4.99e-04  [2m       —[0m  [2m       —[0m      10.0        
154/2000  [93m  0.1894[0m  [93m   99.8%[0m    4.99e-04  [2m       —[0m  [2m       —[0m       9.8        
155/2000  [93m  0.1895[0m  [93m   99.7%[0m    4.99e-04  [2m       —[0m  [2m       —[0m      11.2        
156/2000  [93m  0.1875[0m  [93m   99.9%[0m    4.99e-04  [2m       —[0m  [2m       —[0m       9.7        
157/2000  [93m  0.1859[0m  [93m   99.7%[0m    4.99e-04  [2m       —[0m  [2m       —[0m       9.7        
158/2000  [93m  0.1868[0m  [93m   99.9%[0m    4.99e-04  [2m       —[0m  [2m       —[0m      10.5        
159/2000  [93m  0.1865[0m  [93m   99.7%[0m    4.99e-04  [2m       —[0m  [2m       —[0m       9.7        
160/2000  [93m  0.1873[0m  [93m   99.9%[0m    4.99e-04  [2m       —[0m  [2m       —[0m       9.8        

[1m  Triplet Health  epoch 159  [0m[93m● early phase[0m
  [2m──────────────────────────────────────────────[0m
  active               99.9%
  mean d(a,p)         1.4215  ← should decrease
  mean d(a,n)         1.1904  ← should increase
  gap                 [91m-0.2311[0m  ← margin = 0.15
  [2m──────────────────────────────────────────────[0m


[1m  Gradient Health[0m  [92m✓ healthy[0m
  [2m──────────────────────────────────────────────[0m
  global            [92m5.54e-01[0m
  patch_embed       [92m1.34e-01[0m
  cls_token         [92m1.27e-02[0m
  pos_embed         [92m1.58e-02[0m
  norm              [92m1.88e-02[0m
  proj_head         [92m4.79e-01[0m
  blocks.0          [92m1.23e-01[0m
  blocks.1          [92m9.63e-02[0m
  blocks.2          [92m1.03e-01[0m
  blocks.3          [92m8.99e-02[0m
  blocks.4          [92m9.13e-02[0m
  blocks.5          [92m8.28e-02[0m
  [2m──────────────────────────────────────────────[0m

161/2000  [93m  0.1877[0m  [93m   99.9%[0m    4.99e-04  [93m  0.3000[0m  [93m  0.2377[0m      14.3        
162/2000  [93m  0.1855[0m  [93m   99.7%[0m    4.99e-04  [2m       —[0m  [2m       —[0m       9.7        
163/2000  [93m  0.1849[0m  [93m   99.7%[0m    4.99e-04  [2m       —[0m  [2m       —[0m      11.1        
164/2000  [93m  0.1900[0m  [93m   99.7%[0m    4.99e-04  [2m       —[0m  [2m       —[0m       9.6        
165/2000  [93m  0.1854[0m  [93m   99.7%[0m    4.99e-04  [2m       —[0m  [2m       —[0m       9.8        
166/2000  [93m  0.1813[0m  [93m   99.7%[0m    4.99e-04  [2m       —[0m  [2m       —[0m       9.6        
167/2000  [93m  0.1851[0m  [93m   99.8%[0m    4.99e-04  [2m       —[0m  [2m       —[0m       9.7        
168/2000  [93m  0.1832[0m  [93m   99.7%[0m    4.98e-04  [2m       —[0m  [2m       —[0m       9.7        
169/2000  [93m  0.1851[0m  [93m   99.7%[0m    4.98e-04  [2m       —[0m  [2m       —[0m      10.3        
170/2000  [93m  0.1840[0m  [93m   99.8%[0m    4.98e-04  [2m       —[0m  [2m       —[0m       9.7        

[1m  Triplet Health  epoch 169  [0m[93m● early phase[0m
  [2m──────────────────────────────────────────────[0m
  active               99.8%
  mean d(a,p)         1.4173  ← should decrease
  mean d(a,n)         1.1898  ← should increase
  gap                 [91m-0.2275[0m  ← margin = 0.15
  [2m──────────────────────────────────────────────[0m


[1m  Gradient Health[0m  [92m✓ healthy[0m
  [2m──────────────────────────────────────────────[0m
  global            [92m5.59e-01[0m
  patch_embed       [92m1.34e-01[0m
  cls_token         [92m1.27e-02[0m
  pos_embed         [92m1.67e-02[0m
  norm              [92m1.92e-02[0m
  proj_head         [92m4.86e-01[0m
  blocks.0          [92m1.20e-01[0m
  blocks.1          [92m9.68e-02[0m
  blocks.2          [92m9.93e-02[0m
  blocks.3          [92m9.05e-02[0m
  blocks.4          [92m9.06e-02[0m
  blocks.5          [92m8.19e-02[0m
  [2m──────────────────────────────────────────────[0m

171/2000  [93m  0.1871[0m  [93m  100.0%[0m    4.98e-04  [93m  0.2750[0m  [93m  0.2403[0m      14.2        
172/2000  [93m  0.1813[0m  [93m   99.7%[0m    4.98e-04  [2m       —[0m  [2m       —[0m       9.8        
173/2000  [93m  0.1829[0m  [93m   99.8%[0m    4.98e-04  [2m       —[0m  [2m       —[0m       9.5        
174/2000  [93m  0.1836[0m  [93m   99.8%[0m    4.98e-04  [2m       —[0m  [2m       —[0m       9.8        
175/2000  [93m  0.1838[0m  [93m   99.5%[0m    4.98e-04  [2m       —[0m  [2m       —[0m       9.7        
176/2000  [93m  0.1815[0m  [93m   99.8%[0m    4.98e-04  [2m       —[0m  [2m       —[0m       9.8        
177/2000  [93m  0.1839[0m  [93m  100.0%[0m    4.98e-04  [2m       —[0m  [2m       —[0m       9.7        
178/2000  [93m  0.1824[0m  [93m   99.7%[0m    4.98e-04  [2m       —[0m  [2m       —[0m       9.7        
179/2000  [93m  0.1789[0m  [93m   99.7%[0m    4.98e-04  [2m       —[0m  [2m       —[0m       9.6        
180/2000  [93m  0.1843[0m  [93m   99.7%[0m    4.98e-04  [2m       —[0m  [2m       —[0m       9.6        

[1m  Triplet Health  epoch 179  [0m[93m● early phase[0m
  [2m──────────────────────────────────────────────[0m
  active               99.7%
  mean d(a,p)         1.4124  ← should decrease
  mean d(a,n)         1.1853  ← should increase
  gap                 [91m-0.2271[0m  ← margin = 0.15
  [2m──────────────────────────────────────────────[0m


[1m  Gradient Health[0m  [92m✓ healthy[0m
  [2m──────────────────────────────────────────────[0m
  global            [92m5.43e-01[0m
  patch_embed       [92m1.22e-01[0m
  cls_token         [92m1.64e-02[0m
  pos_embed         [92m1.90e-02[0m
  norm              [92m1.88e-02[0m
  proj_head         [92m4.76e-01[0m
  blocks.0          [92m1.08e-01[0m
  blocks.1          [92m9.49e-02[0m
  blocks.2          [92m9.88e-02[0m
  blocks.3          [92m8.70e-02[0m
  blocks.4          [92m8.69e-02[0m
  blocks.5          [92m8.00e-02[0m
  [2m──────────────────────────────────────────────[0m

181/2000  [93m  0.1795[0m  [93m   99.5%[0m    4.98e-04  [93m  0.3250[0m  [93m  0.2598[0m      14.3  [96m[1m★ best[0m[0m
[2m14:18:34[0m  [96mℹ[0m  best mAP 0.2598 → runs/run_007/best_model.pth
182/2000  [93m  0.1822[0m  [93m   99.6%[0m    4.98e-04  [2m       —[0m  [2m       —[0m       9.7        
183/2000  [93m  0.1800[0m  [93m   99.8%[0m    4.98e-04  [2m       —[0m  [2m       —[0m       9.8        
184/2000  [93m  0.1781[0m  [93m   99.7%[0m    4.98e-04  [2m       —[0m  [2m       —[0m       9.7        
185/2000  [93m  0.1796[0m  [93m   99.7%[0m    4.98e-04  [2m       —[0m  [2m       —[0m       9.7        
186/2000  [93m  0.1788[0m  [93m   99.5%[0m    4.98e-04  [2m       —[0m  [2m       —[0m       9.8        
187/2000  [93m  0.1800[0m  [93m   99.8%[0m    4.97e-04  [2m       —[0m  [2m       —[0m       9.7        
188/2000  [93m  0.1800[0m  [93m   99.7%[0m    4.97e-04  [2m       —[0m  [2m       —[0m       9.7        
189/2000  [93m  0.1787[0m  [93m   99.7%[0m    4.97e-04  [2m       —[0m  [2m       —[0m       9.8        
190/2000  [93m  0.1767[0m  [93m   99.8%[0m    4.97e-04  [2m       —[0m  [2m       —[0m       9.5        

[1m  Triplet Health  epoch 189  [0m[93m● early phase[0m
  [2m──────────────────────────────────────────────[0m
  active               99.8%
  mean d(a,p)         1.4052  ← should decrease
  mean d(a,n)         1.1854  ← should increase
  gap                 [91m-0.2198[0m  ← margin = 0.15
  [2m──────────────────────────────────────────────[0m


[1m  Gradient Health[0m  [92m✓ healthy[0m
  [2m──────────────────────────────────────────────[0m
  global            [92m5.28e-01[0m
  patch_embed       [92m1.38e-01[0m
  cls_token         [92m1.72e-02[0m
  pos_embed         [92m1.89e-02[0m
  norm              [92m1.88e-02[0m
  proj_head         [92m4.58e-01[0m
  blocks.0          [92m1.14e-01[0m
  blocks.1          [92m9.27e-02[0m
  blocks.2          [92m9.00e-02[0m
  blocks.3          [92m8.59e-02[0m
  blocks.4          [92m8.23e-02[0m
  blocks.5          [92m7.35e-02[0m
  [2m──────────────────────────────────────────────[0m

191/2000  [93m  0.1767[0m  [93m   99.7%[0m    4.97e-04  [93m  0.3250[0m  [93m  0.2578[0m      14.1        
192/2000  [93m  0.1783[0m  [93m   99.7%[0m    4.97e-04  [2m       —[0m  [2m       —[0m       9.7        
193/2000  [93m  0.1800[0m  [93m   99.7%[0m    4.97e-04  [2m       —[0m  [2m       —[0m       9.7        
194/2000  [93m  0.1767[0m  [93m   99.8%[0m    4.97e-04  [2m       —[0m  [2m       —[0m       9.7        
195/2000  [93m  0.1762[0m  [93m   99.8%[0m    4.97e-04  [2m       —[0m  [2m       —[0m       9.7        
196/2000  [93m  0.1733[0m  [93m   99.6%[0m    4.97e-04  [2m       —[0m  [2m       —[0m       9.6        
197/2000  [93m  0.1785[0m  [93m   99.8%[0m    4.97e-04  [2m       —[0m  [2m       —[0m       9.6        
198/2000  [93m  0.1806[0m  [93m   99.9%[0m    4.97e-04  [2m       —[0m  [2m       —[0m       9.7        
199/2000  [93m  0.1782[0m  [93m   99.7%[0m    4.97e-04  [2m       —[0m  [2m       —[0m       9.8        
200/2000  [93m  0.1726[0m  [93m   99.4%[0m    4.97e-04  [2m       —[0m  [2m       —[0m       9.7        

[1m  Triplet Health  epoch 199  [0m[93m● early phase[0m
  [2m──────────────────────────────────────────────[0m
  active               99.4%
  mean d(a,p)         1.3975  ← should decrease
  mean d(a,n)         1.1823  ← should increase
  gap                 [91m-0.2152[0m  ← margin = 0.15
  [2m──────────────────────────────────────────────[0m


[1m  Gradient Health[0m  [92m✓ healthy[0m
  [2m──────────────────────────────────────────────[0m
  global            [92m5.31e-01[0m
  patch_embed       [92m1.49e-01[0m
  cls_token         [92m2.13e-02[0m
  pos_embed         [92m2.39e-02[0m
  norm              [92m2.03e-02[0m
  proj_head         [92m4.54e-01[0m
  blocks.0          [92m1.10e-01[0m
  blocks.1          [92m9.90e-02[0m
  blocks.2          [92m9.61e-02[0m
  blocks.3          [92m8.42e-02[0m
  blocks.4          [92m8.82e-02[0m
  blocks.5          [92m7.46e-02[0m
  [2m──────────────────────────────────────────────[0m

201/2000  [93m  0.1772[0m  [93m   99.7%[0m    4.97e-04  [93m  0.3500[0m  [93m  0.2744[0m      14.2  [96m[1m★ best[0m[0m
[2m14:21:57[0m  [96mℹ[0m  best mAP 0.2744 → runs/run_007/best_model.pth
202/2000  [93m  0.1751[0m  [93m   99.5%[0m    4.97e-04  [2m       —[0m  [2m       —[0m       9.8        
203/2000  [93m  0.1777[0m  [93m   99.8%[0m    4.96e-04  [2m       —[0m  [2m       —[0m       9.8        
204/2000  [93m  0.1737[0m  [93m   99.9%[0m    4.96e-04  [2m       —[0m  [2m       —[0m       9.8        
205/2000  [93m  0.1755[0m  [93m  100.0%[0m    4.96e-04  [2m       —[0m  [2m       —[0m       9.6        
206/2000  [93m  0.1693[0m  [93m   99.9%[0m    4.96e-04  [2m       —[0m  [2m       —[0m       9.6        
207/2000  [93m  0.1725[0m  [93m   99.5%[0m    4.96e-04  [2m       —[0m  [2m       —[0m       9.7        
208/2000  [93m  0.1739[0m  [93m   99.5%[0m    4.96e-04  [2m       —[0m  [2m       —[0m       9.6        
209/2000  [93m  0.1734[0m  [93m   99.5%[0m    4.96e-04  [2m       —[0m  [2m       —[0m       9.7        
210/2000  [93m  0.1753[0m  [93m   99.6%[0m    4.96e-04  [2m       —[0m  [2m       —[0m       9.7        

[1m  Triplet Health  epoch 209  [0m[93m● early phase[0m
  [2m──────────────────────────────────────────────[0m
  active               99.6%
  mean d(a,p)         1.3989  ← should decrease
  mean d(a,n)         1.1812  ← should increase
  gap                 [91m-0.2178[0m  ← margin = 0.15
  [2m──────────────────────────────────────────────[0m


[1m  Gradient Health[0m  [92m✓ healthy[0m
  [2m──────────────────────────────────────────────[0m
  global            [92m5.00e-01[0m
  patch_embed       [92m1.19e-01[0m
  cls_token         [92m1.61e-02[0m
  pos_embed         [92m1.69e-02[0m
  norm              [92m1.54e-02[0m
  proj_head         [92m4.39e-01[0m
  blocks.0          [92m9.99e-02[0m
  blocks.1          [92m8.93e-02[0m
  blocks.2          [92m8.45e-02[0m
  blocks.3          [92m7.54e-02[0m
  blocks.4          [92m8.24e-02[0m
  blocks.5          [92m6.76e-02[0m
  [2m──────────────────────────────────────────────[0m

211/2000  [93m  0.1750[0m  [93m   99.6%[0m    4.96e-04  [93m  0.3000[0m  [93m  0.2799[0m      14.2  [96m[1m★ best[0m[0m
[2m14:23:38[0m  [96mℹ[0m  best mAP 0.2799 → runs/run_007/best_model.pth
212/2000  [93m  0.1733[0m  [93m  100.0%[0m    4.96e-04  [2m       —[0m  [2m       —[0m       9.8        
213/2000  [93m  0.1734[0m  [93m   99.7%[0m    4.96e-04  [2m       —[0m  [2m       —[0m       9.7        
214/2000  [93m  0.1718[0m  [93m   99.7%[0m    4.96e-04  [2m       —[0m  [2m       —[0m       9.6        
215/2000  [93m  0.1741[0m  [93m   99.5%[0m    4.96e-04  [2m       —[0m  [2m       —[0m       9.6        
216/2000  [93m  0.1731[0m  [93m   99.6%[0m    4.95e-04  [2m       —[0m  [2m       —[0m       9.8        
217/2000  [93m  0.1705[0m  [93m   99.6%[0m    4.95e-04  [2m       —[0m  [2m       —[0m       9.7        
218/2000  [93m  0.1690[0m  [93m   99.5%[0m    4.95e-04  [2m       —[0m  [2m       —[0m       9.8        
219/2000  [93m  0.1692[0m  [93m   99.8%[0m    4.95e-04  [2m       —[0m  [2m       —[0m       9.9        
220/2000  [93m  0.1686[0m  [93m   99.8%[0m    4.95e-04  [2m       —[0m  [2m       —[0m       9.6        

[1m  Triplet Health  epoch 219  [0m[93m● early phase[0m
  [2m──────────────────────────────────────────────[0m
  active               99.8%
  mean d(a,p)         1.3885  ← should decrease
  mean d(a,n)         1.1777  ← should increase
  gap                 [91m-0.2108[0m  ← margin = 0.15
  [2m──────────────────────────────────────────────[0m


[1m  Gradient Health[0m  [92m✓ healthy[0m
  [2m──────────────────────────────────────────────[0m
  global            [92m5.00e-01[0m
  patch_embed       [92m1.13e-01[0m
  cls_token         [92m2.22e-02[0m
  pos_embed         [92m2.43e-02[0m
  norm              [92m1.65e-02[0m
  proj_head         [92m4.38e-01[0m
  blocks.0          [92m1.06e-01[0m
  blocks.1          [92m9.45e-02[0m
  blocks.2          [92m8.98e-02[0m
  blocks.3          [92m7.37e-02[0m
  blocks.4          [92m8.14e-02[0m
  blocks.5          [92m6.52e-02[0m
  [2m──────────────────────────────────────────────[0m

221/2000  [93m  0.1757[0m  [93m   99.4%[0m    4.95e-04  [93m  0.2500[0m  [93m  0.2369[0m      14.2        
222/2000  [93m  0.1706[0m  [93m   99.7%[0m    4.95e-04  [2m       —[0m  [2m       —[0m       9.8        
223/2000  [93m  0.1697[0m  [93m   99.8%[0m    4.95e-04  [2m       —[0m  [2m       —[0m       9.7        
224/2000  [93m  0.1687[0m  [93m   99.4%[0m    4.95e-04  [2m       —[0m  [2m       —[0m       9.7        
225/2000  [93m  0.1702[0m  [93m   99.6%[0m    4.95e-04  [2m       —[0m  [2m       —[0m       9.8        
226/2000  [93m  0.1660[0m  [93m   99.6%[0m    4.95e-04  [2m       —[0m  [2m       —[0m       9.6        
227/2000  [93m  0.1684[0m  [93m   99.7%[0m    4.95e-04  [2m       —[0m  [2m       —[0m       9.8        
228/2000  [93m  0.1699[0m  [93m  100.0%[0m    4.95e-04  [2m       —[0m  [2m       —[0m       9.6        
229/2000  [93m  0.1692[0m  [93m   99.4%[0m    4.94e-04  [2m       —[0m  [2m       —[0m       9.6        
230/2000  [93m  0.1708[0m  [93m   99.5%[0m    4.94e-04  [2m       —[0m  [2m       —[0m       9.5        

[1m  Triplet Health  epoch 229  [0m[93m● early phase[0m
  [2m──────────────────────────────────────────────[0m
  active               99.5%
  mean d(a,p)         1.3902  ← should decrease
  mean d(a,n)         1.1778  ← should increase
  gap                 [91m-0.2125[0m  ← margin = 0.15
  [2m──────────────────────────────────────────────[0m


[1m  Gradient Health[0m  [92m✓ healthy[0m
  [2m──────────────────────────────────────────────[0m
  global            [92m5.13e-01[0m
  patch_embed       [92m1.49e-01[0m
  cls_token         [92m1.54e-02[0m
  pos_embed         [92m1.68e-02[0m
  norm              [92m1.98e-02[0m
  proj_head         [92m4.43e-01[0m
  blocks.0          [92m1.10e-01[0m
  blocks.1          [92m9.48e-02[0m
  blocks.2          [92m8.85e-02[0m
  blocks.3          [92m7.35e-02[0m
  blocks.4          [92m7.49e-02[0m
  blocks.5          [92m6.65e-02[0m
  [2m──────────────────────────────────────────────[0m

231/2000  [93m  0.1653[0m  [93m   99.8%[0m    4.94e-04  [93m  0.3500[0m  [93m  0.2683[0m      14.2        
232/2000  [93m  0.1656[0m  [93m   99.4%[0m    4.94e-04  [2m       —[0m  [2m       —[0m       9.5        
233/2000  [93m  0.1703[0m  [93m   99.4%[0m    4.94e-04  [2m       —[0m  [2m       —[0m       9.7        
234/2000  [93m  0.1685[0m  [93m   99.2%[0m    4.94e-04  [2m       —[0m  [2m       —[0m       9.6        
235/2000  [93m  0.1649[0m  [93m   99.4%[0m    4.94e-04  [2m       —[0m  [2m       —[0m       9.6        
236/2000  [93m  0.1658[0m  [93m   99.6%[0m    4.94e-04  [2m       —[0m  [2m       —[0m       9.6        
237/2000  [93m  0.1653[0m  [93m   99.7%[0m    4.94e-04  [2m       —[0m  [2m       —[0m       9.7        
238/2000  [93m  0.1626[0m  [93m   99.2%[0m    4.94e-04  [2m       —[0m  [2m       —[0m       9.8        
239/2000  [93m  0.1683[0m  [93m   99.6%[0m    4.94e-04  [2m       —[0m  [2m       —[0m       9.7        
240/2000  [93m  0.1677[0m  [93m   99.6%[0m    4.93e-04  [2m       —[0m  [2m       —[0m       9.7        

[1m  Triplet Health  epoch 239  [0m[93m● early phase[0m
  [2m──────────────────────────────────────────────[0m
  active               99.6%
  mean d(a,p)         1.3816  ← should decrease
  mean d(a,n)         1.1726  ← should increase
  gap                 [91m-0.2090[0m  ← margin = 0.15
  [2m──────────────────────────────────────────────[0m


[1m  Gradient Health[0m  [92m✓ healthy[0m
  [2m──────────────────────────────────────────────[0m
  global            [92m5.06e-01[0m
  patch_embed       [92m1.57e-01[0m
  cls_token         [92m1.66e-02[0m
  pos_embed         [92m1.89e-02[0m
  norm              [92m1.90e-02[0m
  proj_head         [92m4.33e-01[0m
  blocks.0          [92m1.10e-01[0m
  blocks.1          [92m9.13e-02[0m
  blocks.2          [92m8.43e-02[0m
  blocks.3          [92m7.82e-02[0m
  blocks.4          [92m7.58e-02[0m
  blocks.5          [92m6.26e-02[0m
  [2m──────────────────────────────────────────────[0m

241/2000  [93m  0.1654[0m  [93m   99.7%[0m    4.93e-04  [93m  0.3500[0m  [93m  0.2826[0m      14.1  [96m[1m★ best[0m[0m
[2m14:28:43[0m  [96mℹ[0m  best mAP 0.2826 → runs/run_007/best_model.pth
242/2000  [93m  0.1650[0m  [93m   99.8%[0m    4.93e-04  [2m       —[0m  [2m       —[0m       9.7        
243/2000  [93m  0.1655[0m  [93m   99.5%[0m    4.93e-04  [2m       —[0m  [2m       —[0m       9.6        
244/2000  [93m  0.1663[0m  [93m   99.6%[0m    4.93e-04  [2m       —[0m  [2m       —[0m       9.6        
245/2000  [93m  0.1656[0m  [93m   99.6%[0m    4.93e-04  [2m       —[0m  [2m       —[0m       9.8        
246/2000  [93m  0.1631[0m  [93m   99.4%[0m    4.93e-04  [2m       —[0m  [2m       —[0m       9.6        
247/2000  [93m  0.1624[0m  [93m   99.3%[0m    4.93e-04  [2m       —[0m  [2m       —[0m       9.7        
248/2000  [93m  0.1634[0m  [93m   99.3%[0m    4.93e-04  [2m       —[0m  [2m       —[0m       9.6        
249/2000  [93m  0.1639[0m  [93m   99.6%[0m    4.93e-04  [2m       —[0m  [2m       —[0m       9.7        
250/2000  [93m  0.1634[0m  [93m   99.5%[0m    4.92e-04  [2m       —[0m  [2m       —[0m       9.7        

[1m  Triplet Health  epoch 249  [0m[93m● early phase[0m
  [2m──────────────────────────────────────────────[0m
  active               99.5%
  mean d(a,p)         1.3759  ← should decrease
  mean d(a,n)         1.1714  ← should increase
  gap                 [91m-0.2045[0m  ← margin = 0.15
  [2m──────────────────────────────────────────────[0m


[1m  Gradient Health[0m  [92m✓ healthy[0m
  [2m──────────────────────────────────────────────[0m
  global            [92m4.90e-01[0m
  patch_embed       [92m1.26e-01[0m
  cls_token         [92m1.61e-02[0m
  pos_embed         [92m1.86e-02[0m
  norm              [92m1.89e-02[0m
  proj_head         [92m4.31e-01[0m
  blocks.0          [92m9.95e-02[0m
  blocks.1          [92m8.40e-02[0m
  blocks.2          [92m8.10e-02[0m
  blocks.3          [92m6.63e-02[0m
  blocks.4          [92m7.44e-02[0m
  blocks.5          [92m6.18e-02[0m
  [2m──────────────────────────────────────────────[0m

251/2000  [93m  0.1651[0m  [93m   99.6%[0m    4.92e-04  [92m  0.3750[0m  [93m  0.2682[0m      14.1        
252/2000  [93m  0.1626[0m  [93m   99.6%[0m    4.92e-04  [2m       —[0m  [2m       —[0m       9.7        
253/2000  [93m  0.1629[0m  [93m   99.7%[0m    4.92e-04  [2m       —[0m  [2m       —[0m       9.8        
254/2000  [93m  0.1653[0m  [93m   99.5%[0m    4.92e-04  [2m       —[0m  [2m       —[0m       9.6        
255/2000  [93m  0.1633[0m  [93m   99.6%[0m    4.92e-04  [2m       —[0m  [2m       —[0m       9.5        
256/2000  [93m  0.1577[0m  [93m   98.7%[0m    4.92e-04  [2m       —[0m  [2m       —[0m       9.8        
257/2000  [93m  0.1606[0m  [93m   99.6%[0m    4.92e-04  [2m       —[0m  [2m       —[0m       9.7        
258/2000  [93m  0.1586[0m  [93m   99.3%[0m    4.92e-04  [2m       —[0m  [2m       —[0m       9.5        
259/2000  [93m  0.1574[0m  [93m   99.1%[0m    4.92e-04  [2m       —[0m  [2m       —[0m       9.6        
260/2000  [93m  0.1627[0m  [93m   99.6%[0m    4.91e-04  [2m       —[0m  [2m       —[0m       9.7        

[1m  Triplet Health  epoch 259  [0m[93m● early phase[0m
  [2m──────────────────────────────────────────────[0m
  active               99.6%
  mean d(a,p)         1.3696  ← should decrease
  mean d(a,n)         1.1660  ← should increase
  gap                 [91m-0.2036[0m  ← margin = 0.15
  [2m──────────────────────────────────────────────[0m


[1m  Gradient Health[0m  [92m✓ healthy[0m
  [2m──────────────────────────────────────────────[0m
  global            [92m4.90e-01[0m
  patch_embed       [92m1.33e-01[0m
  cls_token         [92m1.60e-02[0m
  pos_embed         [92m1.87e-02[0m
  norm              [92m1.79e-02[0m
  proj_head         [92m4.22e-01[0m
  blocks.0          [92m1.13e-01[0m
  blocks.1          [92m9.54e-02[0m
  blocks.2          [92m8.50e-02[0m
  blocks.3          [92m7.32e-02[0m
  blocks.4          [92m7.47e-02[0m
  blocks.5          [92m6.49e-02[0m
  [2m──────────────────────────────────────────────[0m

261/2000  [93m  0.1584[0m  [93m   99.6%[0m    4.91e-04  [92m  0.4000[0m  [93m  0.2908[0m      14.2  [96m[1m★ best[0m[0m
[2m14:32:05[0m  [96mℹ[0m  best mAP 0.2908 → runs/run_007/best_model.pth
262/2000  [93m  0.1565[0m  [93m   99.7%[0m    4.91e-04  [2m       —[0m  [2m       —[0m       9.6        
263/2000  [93m  0.1602[0m  [93m   99.8%[0m    4.91e-04  [2m       —[0m  [2m       —[0m       9.7        
264/2000  [93m  0.1572[0m  [93m   99.3%[0m    4.91e-04  [2m       —[0m  [2m       —[0m       9.7        
265/2000  [93m  0.1614[0m  [93m   99.6%[0m    4.91e-04  [2m       —[0m  [2m       —[0m       9.7        
266/2000  [93m  0.1574[0m  [93m   99.0%[0m    4.91e-04  [2m       —[0m  [2m       —[0m       9.6        
267/2000  [93m  0.1564[0m  [93m   99.5%[0m    4.91e-04  [2m       —[0m  [2m       —[0m       9.7        
268/2000  [93m  0.1591[0m  [93m   99.3%[0m    4.91e-04  [2m       —[0m  [2m       —[0m       9.5        
269/2000  [93m  0.1548[0m  [93m   99.3%[0m    4.90e-04  [2m       —[0m  [2m       —[0m       9.7        
270/2000  [93m  0.1568[0m  [93m   99.3%[0m    4.90e-04  [2m       —[0m  [2m       —[0m       9.7        

[1m  Triplet Health  epoch 269  [0m[93m● early phase[0m
  [2m──────────────────────────────────────────────[0m
  active               99.3%
  mean d(a,p)         1.3607  ← should decrease
  mean d(a,n)         1.1637  ← should increase
  gap                 [91m-0.1970[0m  ← margin = 0.15
  [2m──────────────────────────────────────────────[0m


[1m  Gradient Health[0m  [92m✓ healthy[0m
  [2m──────────────────────────────────────────────[0m
  global            [92m4.79e-01[0m
  patch_embed       [92m1.18e-01[0m
  cls_token         [92m1.66e-02[0m
  pos_embed         [92m1.92e-02[0m
  norm              [92m2.01e-02[0m
  proj_head         [92m4.17e-01[0m
  blocks.0          [92m9.88e-02[0m
  blocks.1          [92m1.01e-01[0m
  blocks.2          [92m8.00e-02[0m
  blocks.3          [92m7.08e-02[0m
  blocks.4          [92m7.39e-02[0m
  blocks.5          [92m6.28e-02[0m
  [2m──────────────────────────────────────────────[0m

271/2000  [93m  0.1565[0m  [93m   99.0%[0m    4.90e-04  [93m  0.3250[0m  [93m  0.2999[0m      14.2  [96m[1m★ best[0m[0m
[2m14:33:46[0m  [96mℹ[0m  best mAP 0.2999 → runs/run_007/best_model.pth
272/2000  [93m  0.1581[0m  [93m  100.0%[0m    4.90e-04  [2m       —[0m  [2m       —[0m       9.6        
273/2000  [93m  0.1566[0m  [93m   99.4%[0m    4.90e-04  [2m       —[0m  [2m       —[0m       9.6        
274/2000  [93m  0.1549[0m  [93m   99.4%[0m    4.90e-04  [2m       —[0m  [2m       —[0m       9.7        
275/2000  [93m  0.1594[0m  [93m   99.3%[0m    4.90e-04  [2m       —[0m  [2m       —[0m       9.7        
276/2000  [93m  0.1560[0m  [93m   99.1%[0m    4.90e-04  [2m       —[0m  [2m       —[0m       9.7        
277/2000  [93m  0.1549[0m  [93m   99.3%[0m    4.89e-04  [2m       —[0m  [2m       —[0m       9.8        
278/2000  [93m  0.1578[0m  [93m   99.6%[0m    4.89e-04  [2m       —[0m  [2m       —[0m       9.6        
279/2000  [93m  0.1535[0m  [93m   99.5%[0m    4.89e-04  [2m       —[0m  [2m       —[0m       9.8        
280/2000  [93m  0.1554[0m  [93m   99.4%[0m    4.89e-04  [2m       —[0m  [2m       —[0m       9.7        

[1m  Triplet Health  epoch 279  [0m[93m● early phase[0m
  [2m──────────────────────────────────────────────[0m
  active               99.4%
  mean d(a,p)         1.3606  ← should decrease
  mean d(a,n)         1.1646  ← should increase
  gap                 [91m-0.1960[0m  ← margin = 0.15
  [2m──────────────────────────────────────────────[0m


[1m  Gradient Health[0m  [92m✓ healthy[0m
  [2m──────────────────────────────────────────────[0m
  global            [92m4.75e-01[0m
  patch_embed       [92m1.05e-01[0m
  cls_token         [92m2.25e-02[0m
  pos_embed         [92m2.39e-02[0m
  norm              [92m1.84e-02[0m
  proj_head         [92m4.18e-01[0m
  blocks.0          [92m1.04e-01[0m
  blocks.1          [92m9.11e-02[0m
  blocks.2          [92m7.70e-02[0m
  blocks.3          [92m6.50e-02[0m
  blocks.4          [92m7.40e-02[0m
  blocks.5          [92m5.87e-02[0m
  [2m──────────────────────────────────────────────[0m

281/2000  [93m  0.1550[0m  [93m   99.2%[0m    4.89e-04  [92m  0.3750[0m  [93m  0.3275[0m      14.1  [96m[1m★ best[0m[0m
[2m14:35:27[0m  [96mℹ[0m  best mAP 0.3275 → runs/run_007/best_model.pth
282/2000  [93m  0.1579[0m  [93m   99.6%[0m    4.89e-04  [2m       —[0m  [2m       —[0m       9.6        
283/2000  [93m  0.1581[0m  [93m   99.8%[0m    4.89e-04  [2m       —[0m  [2m       —[0m       9.7        
284/2000  [93m  0.1547[0m  [93m   99.5%[0m    4.89e-04  [2m       —[0m  [2m       —[0m       9.6        
285/2000  [93m  0.1538[0m  [93m   99.5%[0m    4.89e-04  [2m       —[0m  [2m       —[0m       9.7        
286/2000  [93m  0.1544[0m  [93m   99.6%[0m    4.88e-04  [2m       —[0m  [2m       —[0m       9.7        
287/2000  [93m  0.1518[0m  [93m   99.5%[0m    4.88e-04  [2m       —[0m  [2m       —[0m       9.7        
288/2000  [93m  0.1512[0m  [93m   99.5%[0m    4.88e-04  [2m       —[0m  [2m       —[0m       9.8        
289/2000  [93m  0.1494[0m  [93m   99.3%[0m    4.88e-04  [2m       —[0m  [2m       —[0m       9.9        
290/2000  [93m  0.1517[0m  [93m   99.2%[0m    4.88e-04  [2m       —[0m  [2m       —[0m       9.8        

[1m  Triplet Health  epoch 289  [0m[93m● early phase[0m
  [2m──────────────────────────────────────────────[0m
  active               99.2%
  mean d(a,p)         1.3572  ← should decrease
  mean d(a,n)         1.1648  ← should increase
  gap                 [91m-0.1925[0m  ← margin = 0.15
  [2m──────────────────────────────────────────────[0m


[1m  Gradient Health[0m  [92m✓ healthy[0m
  [2m──────────────────────────────────────────────[0m
  global            [92m4.73e-01[0m
  patch_embed       [92m1.25e-01[0m
  cls_token         [92m1.26e-02[0m
  pos_embed         [92m1.41e-02[0m
  norm              [92m1.95e-02[0m
  proj_head         [92m4.15e-01[0m
  blocks.0          [92m9.69e-02[0m
  blocks.1          [92m8.56e-02[0m
  blocks.2          [92m7.39e-02[0m
  blocks.3          [92m6.60e-02[0m
  blocks.4          [92m7.07e-02[0m
  blocks.5          [92m5.93e-02[0m
  [2m──────────────────────────────────────────────[0m

291/2000  [93m  0.1552[0m  [93m   99.3%[0m    4.88e-04  [92m  0.4000[0m  [93m  0.2824[0m      14.2        
292/2000  [93m  0.1554[0m  [93m   99.4%[0m    4.88e-04  [2m       —[0m  [2m       —[0m       9.6        
293/2000  [93m  0.1492[0m  [93m   99.3%[0m    4.88e-04  [2m       —[0m  [2m       —[0m       9.8        
294/2000  [93m  0.1500[0m  [93m   99.3%[0m    4.87e-04  [2m       —[0m  [2m       —[0m       9.7        
295/2000  [93m  0.1522[0m  [93m   99.0%[0m    4.87e-04  [2m       —[0m  [2m       —[0m       9.6        
296/2000  [93m  0.1479[0m  [93m   99.3%[0m    4.87e-04  [2m       —[0m  [2m       —[0m       9.6        
297/2000  [93m  0.1485[0m  [93m   99.4%[0m    4.87e-04  [2m       —[0m  [2m       —[0m       9.6        
298/2000  [93m  0.1523[0m  [93m   99.0%[0m    4.87e-04  [2m       —[0m  [2m       —[0m       9.7        
299/2000  [93m  0.1493[0m  [93m   99.6%[0m    4.87e-04  [2m       —[0m  [2m       —[0m       9.7        
300/2000  [93m  0.1488[0m  [93m   99.1%[0m    4.87e-04  [2m       —[0m  [2m       —[0m       9.7        

[1m  Triplet Health  epoch 299  [0m[93m● early phase[0m
  [2m──────────────────────────────────────────────[0m
  active               99.1%
  mean d(a,p)         1.3456  ← should decrease
  mean d(a,n)         1.1575  ← should increase
  gap                 [91m-0.1881[0m  ← margin = 0.15
  [2m──────────────────────────────────────────────[0m


[1m  Gradient Health[0m  [92m✓ healthy[0m
  [2m──────────────────────────────────────────────[0m
  global            [92m4.80e-01[0m
  patch_embed       [92m1.51e-01[0m
  cls_token         [92m1.11e-02[0m
  pos_embed         [92m1.27e-02[0m
  norm              [92m1.79e-02[0m
  proj_head         [92m4.10e-01[0m
  blocks.0          [92m1.07e-01[0m
  blocks.1          [92m8.96e-02[0m
  blocks.2          [92m8.13e-02[0m
  blocks.3          [92m6.81e-02[0m
  blocks.4          [92m6.94e-02[0m
  blocks.5          [92m5.91e-02[0m
  [2m──────────────────────────────────────────────[0m

301/2000  [93m  0.1462[0m  [93m   99.3%[0m    4.86e-04  [92m  0.3750[0m  [93m  0.2959[0m      14.2        
302/2000  [93m  0.1503[0m  [93m   99.1%[0m    4.86e-04  [2m       —[0m  [2m       —[0m       9.8        
303/2000  [93m  0.1505[0m  [93m   99.4%[0m    4.86e-04  [2m       —[0m  [2m       —[0m       9.7        
304/2000  [93m  0.1432[0m  [93m   99.0%[0m    4.86e-04  [2m       —[0m  [2m       —[0m       9.7        
305/2000  [93m  0.1493[0m  [93m   99.4%[0m    4.86e-04  [2m       —[0m  [2m       —[0m       9.7        
306/2000  [93m  0.1482[0m  [93m   99.0%[0m    4.86e-04  [2m       —[0m  [2m       —[0m       9.5        
307/2000  [93m  0.1444[0m  [93m   99.2%[0m    4.86e-04  [2m       —[0m  [2m       —[0m       9.6        
308/2000  [93m  0.1491[0m  [93m   99.5%[0m    4.85e-04  [2m       —[0m  [2m       —[0m       9.8        
309/2000  [93m  0.1463[0m  [93m   98.7%[0m    4.85e-04  [2m       —[0m  [2m       —[0m       9.6        
310/2000  [93m  0.1473[0m  [93m   99.2%[0m    4.85e-04  [2m       —[0m  [2m       —[0m       9.8        

[1m  Triplet Health  epoch 309  [0m[93m● early phase[0m
  [2m──────────────────────────────────────────────[0m
  active               99.2%
  mean d(a,p)         1.3418  ← should decrease
  mean d(a,n)         1.1557  ← should increase
  gap                 [91m-0.1861[0m  ← margin = 0.15
  [2m──────────────────────────────────────────────[0m


[1m  Gradient Health[0m  [92m✓ healthy[0m
  [2m──────────────────────────────────────────────[0m
  global            [92m4.67e-01[0m
  patch_embed       [92m1.29e-01[0m
  cls_token         [92m9.93e-03[0m
  pos_embed         [92m1.12e-02[0m
  norm              [92m1.91e-02[0m
  proj_head         [92m4.03e-01[0m
  blocks.0          [92m1.01e-01[0m
  blocks.1          [92m9.45e-02[0m
  blocks.2          [92m8.43e-02[0m
  blocks.3          [92m6.76e-02[0m
  blocks.4          [92m6.89e-02[0m
  blocks.5          [92m5.29e-02[0m
  [2m──────────────────────────────────────────────[0m

311/2000  [93m  0.1440[0m  [93m   98.8%[0m    4.85e-04  [92m  0.4250[0m  [93m  0.3392[0m      14.2  [96m[1m★ best[0m[0m
[2m14:40:32[0m  [96mℹ[0m  best mAP 0.3392 → runs/run_007/best_model.pth
312/2000  [93m  0.1484[0m  [93m   99.2%[0m    4.85e-04  [2m       —[0m  [2m       —[0m       9.6        
313/2000  [93m  0.1441[0m  [93m   98.7%[0m    4.85e-04  [2m       —[0m  [2m       —[0m       9.7        
314/2000  [93m  0.1475[0m  [93m   99.0%[0m    4.85e-04  [2m       —[0m  [2m       —[0m       9.6        
315/2000  [93m  0.1510[0m  [93m   99.1%[0m    4.85e-04  [2m       —[0m  [2m       —[0m       9.8        
316/2000  [93m  0.1444[0m  [93m   99.3%[0m    4.84e-04  [2m       —[0m  [2m       —[0m       9.6        
317/2000  [93m  0.1456[0m  [93m   99.3%[0m    4.84e-04  [2m       —[0m  [2m       —[0m       9.7        
318/2000  [93m  0.1458[0m  [93m   99.2%[0m    4.84e-04  [2m       —[0m  [2m       —[0m       9.7        
319/2000  [93m  0.1437[0m  [93m   98.8%[0m    4.84e-04  [2m       —[0m  [2m       —[0m       9.7        
320/2000  [93m  0.1449[0m  [93m   99.1%[0m    4.84e-04  [2m       —[0m  [2m       —[0m       9.6        

[1m  Triplet Health  epoch 319  [0m[93m● early phase[0m
  [2m──────────────────────────────────────────────[0m
  active               99.1%
  mean d(a,p)         1.3370  ← should decrease
  mean d(a,n)         1.1528  ← should increase
  gap                 [91m-0.1842[0m  ← margin = 0.15
  [2m──────────────────────────────────────────────[0m


[1m  Gradient Health[0m  [92m✓ healthy[0m
  [2m──────────────────────────────────────────────[0m
  global            [92m4.65e-01[0m
  patch_embed       [92m1.33e-01[0m
  cls_token         [92m1.57e-02[0m
  pos_embed         [92m1.68e-02[0m
  norm              [92m1.91e-02[0m
  proj_head         [92m4.00e-01[0m
  blocks.0          [92m1.03e-01[0m
  blocks.1          [92m8.99e-02[0m
  blocks.2          [92m8.13e-02[0m
  blocks.3          [92m6.59e-02[0m
  blocks.4          [92m6.72e-02[0m
  blocks.5          [92m5.92e-02[0m
  [2m──────────────────────────────────────────────[0m

321/2000  [93m  0.1443[0m  [93m   98.9%[0m    4.84e-04  [92m  0.4000[0m  [93m  0.3055[0m      14.1        
322/2000  [93m  0.1449[0m  [93m   99.3%[0m    4.83e-04  [2m       —[0m  [2m       —[0m       9.6        
323/2000  [93m  0.1445[0m  [93m   99.4%[0m    4.83e-04  [2m       —[0m  [2m       —[0m       9.6        
324/2000  [93m  0.1443[0m  [93m   98.6%[0m    4.83e-04  [2m       —[0m  [2m       —[0m       9.8        
325/2000  [93m  0.1450[0m  [93m   99.0%[0m    4.83e-04  [2m       —[0m  [2m       —[0m       9.7        
326/2000  [93m  0.1417[0m  [93m   99.3%[0m    4.83e-04  [2m       —[0m  [2m       —[0m       9.8        
327/2000  [93m  0.1458[0m  [93m   99.4%[0m    4.83e-04  [2m       —[0m  [2m       —[0m       9.7        
328/2000  [93m  0.1430[0m  [93m   98.8%[0m    4.83e-04  [2m       —[0m  [2m       —[0m       9.7        
329/2000  [93m  0.1377[0m  [93m   99.1%[0m    4.82e-04  [2m       —[0m  [2m       —[0m       9.6        
330/2000  [93m  0.1441[0m  [93m   99.0%[0m    4.82e-04  [2m       —[0m  [2m       —[0m       9.7        

[1m  Triplet Health  epoch 329  [0m[93m● early phase[0m
  [2m──────────────────────────────────────────────[0m
  active               99.0%
  mean d(a,p)         1.3322  ← should decrease
  mean d(a,n)         1.1496  ← should increase
  gap                 [91m-0.1825[0m  ← margin = 0.15
  [2m──────────────────────────────────────────────[0m


[1m  Gradient Health[0m  [92m✓ healthy[0m
  [2m──────────────────────────────────────────────[0m
  global            [92m4.48e-01[0m
  patch_embed       [92m1.09e-01[0m
  cls_token         [92m9.88e-03[0m
  pos_embed         [92m1.16e-02[0m
  norm              [92m1.72e-02[0m
  proj_head         [92m3.90e-01[0m
  blocks.0          [92m1.01e-01[0m
  blocks.1          [92m8.90e-02[0m
  blocks.2          [92m7.85e-02[0m
  blocks.3          [92m6.96e-02[0m
  blocks.4          [92m6.76e-02[0m
  blocks.5          [92m5.68e-02[0m
  [2m──────────────────────────────────────────────[0m

331/2000  [93m  0.1394[0m  [93m   99.1%[0m    4.82e-04  [92m  0.4250[0m  [93m  0.3294[0m      14.2        
332/2000  [93m  0.1451[0m  [93m   99.0%[0m    4.82e-04  [2m       —[0m  [2m       —[0m       9.7        
333/2000  [93m  0.1381[0m  [93m   98.4%[0m    4.82e-04  [2m       —[0m  [2m       —[0m       9.6        
334/2000  [93m  0.1446[0m  [93m   99.4%[0m    4.82e-04  [2m       —[0m  [2m       —[0m       9.7        
335/2000  [93m  0.1407[0m  [93m   99.2%[0m    4.82e-04  [2m       —[0m  [2m       —[0m       9.7        
336/2000  [93m  0.1399[0m  [93m   99.0%[0m    4.81e-04  [2m       —[0m  [2m       —[0m       9.7        
337/2000  [93m  0.1361[0m  [93m   98.8%[0m    4.81e-04  [2m       —[0m  [2m       —[0m       9.6        
338/2000  [93m  0.1353[0m  [93m   98.8%[0m    4.81e-04  [2m       —[0m  [2m       —[0m       9.5        
339/2000  [93m  0.1436[0m  [93m   99.2%[0m    4.81e-04  [2m       —[0m  [2m       —[0m       9.7        
340/2000  [93m  0.1416[0m  [93m   99.2%[0m    4.81e-04  [2m       —[0m  [2m       —[0m       9.7        

[1m  Triplet Health  epoch 339  [0m[93m● early phase[0m
  [2m──────────────────────────────────────────────[0m
  active               99.2%
  mean d(a,p)         1.3270  ← should decrease
  mean d(a,n)         1.1467  ← should increase
  gap                 [91m-0.1803[0m  ← margin = 0.15
  [2m──────────────────────────────────────────────[0m


[1m  Gradient Health[0m  [92m✓ healthy[0m
  [2m──────────────────────────────────────────────[0m
  global            [92m4.80e-01[0m
  patch_embed       [92m1.64e-01[0m
  cls_token         [92m1.49e-02[0m
  pos_embed         [92m1.62e-02[0m
  norm              [92m1.81e-02[0m
  proj_head         [92m3.97e-01[0m
  blocks.0          [92m1.21e-01[0m
  blocks.1          [92m9.85e-02[0m
  blocks.2          [92m8.73e-02[0m
  blocks.3          [92m7.80e-02[0m
  blocks.4          [92m6.54e-02[0m
  blocks.5          [92m5.83e-02[0m
  [2m──────────────────────────────────────────────[0m

341/2000  [93m  0.1418[0m  [93m   99.0%[0m    4.81e-04  [92m  0.4500[0m  [93m  0.3536[0m      14.1  [96m[1m★ best[0m[0m
[2m14:45:35[0m  [96mℹ[0m  best mAP 0.3536 → runs/run_007/best_model.pth
342/2000  [93m  0.1389[0m  [93m   99.0%[0m    4.80e-04  [2m       —[0m  [2m       —[0m       9.7        
343/2000  [93m  0.1405[0m  [93m   98.3%[0m    4.80e-04  [2m       —[0m  [2m       —[0m       9.7        
344/2000  [93m  0.1348[0m  [93m   98.4%[0m    4.80e-04  [2m       —[0m  [2m       —[0m       9.7        
345/2000  [93m  0.1364[0m  [93m   98.4%[0m    4.80e-04  [2m       —[0m  [2m       —[0m       9.7        
346/2000  [93m  0.1343[0m  [93m   98.8%[0m    4.80e-04  [2m       —[0m  [2m       —[0m       9.6        
347/2000  [93m  0.1417[0m  [93m   98.8%[0m    4.80e-04  [2m       —[0m  [2m       —[0m       9.5        
348/2000  [93m  0.1376[0m  [93m   98.8%[0m    4.79e-04  [2m       —[0m  [2m       —[0m       9.7        
349/2000  [93m  0.1403[0m  [93m   99.1%[0m    4.79e-04  [2m       —[0m  [2m       —[0m       9.5        
350/2000  [93m  0.1389[0m  [93m   98.5%[0m    4.79e-04  [2m       —[0m  [2m       —[0m       9.7        

[1m  Triplet Health  epoch 349  [0m[93m● early phase[0m
  [2m──────────────────────────────────────────────[0m
  active               98.5%
  mean d(a,p)         1.3266  ← should decrease
  mean d(a,n)         1.1489  ← should increase
  gap                 [91m-0.1777[0m  ← margin = 0.15
  [2m──────────────────────────────────────────────[0m


[1m  Gradient Health[0m  [92m✓ healthy[0m
  [2m──────────────────────────────────────────────[0m
  global            [92m4.30e-01[0m
  patch_embed       [92m1.23e-01[0m
  cls_token         [92m1.46e-02[0m
  pos_embed         [92m1.52e-02[0m
  norm              [92m1.56e-02[0m
  proj_head         [92m3.69e-01[0m
  blocks.0          [92m9.25e-02[0m
  blocks.1          [92m8.70e-02[0m
  blocks.2          [92m7.47e-02[0m
  blocks.3          [92m6.86e-02[0m
  blocks.4          [92m6.02e-02[0m
  blocks.5          [92m5.34e-02[0m
  [2m──────────────────────────────────────────────[0m

351/2000  [93m  0.1439[0m  [93m   99.4%[0m    4.79e-04  [92m  0.4250[0m  [93m  0.3546[0m      14.2  [96m[1m★ best[0m[0m
[2m14:47:16[0m  [96mℹ[0m  best mAP 0.3546 → runs/run_007/best_model.pth
352/2000  [93m  0.1324[0m  [93m   98.7%[0m    4.79e-04  [2m       —[0m  [2m       —[0m       9.7        
353/2000  [93m  0.1380[0m  [93m   99.8%[0m    4.79e-04  [2m       —[0m  [2m       —[0m       9.7        
354/2000  [93m  0.1301[0m  [93m   98.8%[0m    4.78e-04  [2m       —[0m  [2m       —[0m       9.8        
355/2000  [93m  0.1357[0m  [93m   98.7%[0m    4.78e-04  [2m       —[0m  [2m       —[0m       9.7        
356/2000  [93m  0.1366[0m  [93m   99.1%[0m    4.78e-04  [2m       —[0m  [2m       —[0m       9.8        
357/2000  [93m  0.1346[0m  [93m   98.9%[0m    4.78e-04  [2m       —[0m  [2m       —[0m       9.7        
358/2000  [93m  0.1331[0m  [93m   99.2%[0m    4.78e-04  [2m       —[0m  [2m       —[0m       9.7        
359/2000  [93m  0.1330[0m  [93m   98.4%[0m    4.78e-04  [2m       —[0m  [2m       —[0m       9.5        
360/2000  [93m  0.1375[0m  [93m   99.4%[0m    4.77e-04  [2m       —[0m  [2m       —[0m       9.6        

[1m  Triplet Health  epoch 359  [0m[93m● early phase[0m
  [2m──────────────────────────────────────────────[0m
  active               99.4%
  mean d(a,p)         1.3180  ← should decrease
  mean d(a,n)         1.1419  ← should increase
  gap                 [91m-0.1760[0m  ← margin = 0.15
  [2m──────────────────────────────────────────────[0m


[1m  Gradient Health[0m  [92m✓ healthy[0m
  [2m──────────────────────────────────────────────[0m
  global            [92m4.67e-01[0m
  patch_embed       [92m1.43e-01[0m
  cls_token         [92m1.22e-02[0m
  pos_embed         [92m1.35e-02[0m
  norm              [92m1.75e-02[0m
  proj_head         [92m3.97e-01[0m
  blocks.0          [92m1.02e-01[0m
  blocks.1          [92m9.30e-02[0m
  blocks.2          [92m8.08e-02[0m
  blocks.3          [92m7.24e-02[0m
  blocks.4          [92m6.72e-02[0m
  blocks.5          [92m6.04e-02[0m
  [2m──────────────────────────────────────────────[0m

361/2000  [93m  0.1355[0m  [93m   99.0%[0m    4.77e-04  [92m  0.4000[0m  [92m  0.3682[0m      14.2  [96m[1m★ best[0m[0m
[2m14:48:58[0m  [96mℹ[0m  best mAP 0.3682 → runs/run_007/best_model.pth
362/2000  [93m  0.1341[0m  [93m   98.7%[0m    4.77e-04  [2m       —[0m  [2m       —[0m       9.5        
363/2000  [93m  0.1309[0m  [93m   98.5%[0m    4.77e-04  [2m       —[0m  [2m       —[0m       9.7        
364/2000  [93m  0.1301[0m  [93m   99.4%[0m    4.77e-04  [2m       —[0m  [2m       —[0m       9.7        
365/2000  [93m  0.1302[0m  [93m   98.7%[0m    4.77e-04  [2m       —[0m  [2m       —[0m       9.8        
366/2000  [93m  0.1315[0m  [93m   99.1%[0m    4.76e-04  [2m       —[0m  [2m       —[0m       9.6        
367/2000  [93m  0.1362[0m  [93m   99.4%[0m    4.76e-04  [2m       —[0m  [2m       —[0m       9.8        
368/2000  [93m  0.1332[0m  [93m   98.6%[0m    4.76e-04  [2m       —[0m  [2m       —[0m       9.7        
369/2000  [93m  0.1320[0m  [93m   98.5%[0m    4.76e-04  [2m       —[0m  [2m       —[0m       9.6        
370/2000  [93m  0.1346[0m  [93m   98.6%[0m    4.76e-04  [2m       —[0m  [2m       —[0m       9.6        

[1m  Triplet Health  epoch 369  [0m[93m● early phase[0m
  [2m──────────────────────────────────────────────[0m
  active               98.6%
  mean d(a,p)         1.3122  ← should decrease
  mean d(a,n)         1.1397  ← should increase
  gap                 [91m-0.1725[0m  ← margin = 0.15
  [2m──────────────────────────────────────────────[0m


[1m  Gradient Health[0m  [92m✓ healthy[0m
  [2m──────────────────────────────────────────────[0m
  global            [92m4.45e-01[0m
  patch_embed       [92m1.44e-01[0m
  cls_token         [92m8.88e-03[0m
  pos_embed         [92m1.03e-02[0m
  norm              [92m2.13e-02[0m
  proj_head         [92m3.76e-01[0m
  blocks.0          [92m9.63e-02[0m
  blocks.1          [92m9.11e-02[0m
  blocks.2          [92m7.97e-02[0m
  blocks.3          [92m6.90e-02[0m
  blocks.4          [92m6.54e-02[0m
  blocks.5          [92m5.49e-02[0m
  [2m──────────────────────────────────────────────[0m

371/2000  [93m  0.1316[0m  [93m   98.6%[0m    4.75e-04  [92m  0.3750[0m  [92m  0.3650[0m      14.2        
372/2000  [93m  0.1292[0m  [93m   98.7%[0m    4.75e-04  [2m       —[0m  [2m       —[0m       9.7        
373/2000  [93m  0.1313[0m  [93m   98.9%[0m    4.75e-04  [2m       —[0m  [2m       —[0m       9.7        
374/2000  [93m  0.1318[0m  [93m   98.6%[0m    4.75e-04  [2m       —[0m  [2m       —[0m       9.6        
375/2000  [93m  0.1338[0m  [93m   98.6%[0m    4.75e-04  [2m       —[0m  [2m       —[0m       9.6        
376/2000  [93m  0.1271[0m  [93m   98.3%[0m    4.75e-04  [2m       —[0m  [2m       —[0m       9.7        
377/2000  [93m  0.1287[0m  [93m   98.3%[0m    4.74e-04  [2m       —[0m  [2m       —[0m       9.7        
378/2000  [93m  0.1268[0m  [93m   98.1%[0m    4.74e-04  [2m       —[0m  [2m       —[0m       9.6        
379/2000  [93m  0.1245[0m  [93m   97.5%[0m    4.74e-04  [2m       —[0m  [2m       —[0m       9.7        
380/2000  [93m  0.1289[0m  [93m   99.1%[0m    4.74e-04  [2m       —[0m  [2m       —[0m       9.7        

[1m  Triplet Health  epoch 379  [0m[93m● early phase[0m
  [2m──────────────────────────────────────────────[0m
  active               99.1%
  mean d(a,p)         1.3035  ← should decrease
  mean d(a,n)         1.1366  ← should increase
  gap                 [91m-0.1669[0m  ← margin = 0.15
  [2m──────────────────────────────────────────────[0m


[1m  Gradient Health[0m  [92m✓ healthy[0m
  [2m──────────────────────────────────────────────[0m
  global            [92m4.57e-01[0m
  patch_embed       [92m1.42e-01[0m
  cls_token         [92m1.05e-02[0m
  pos_embed         [92m1.21e-02[0m
  norm              [92m1.87e-02[0m
  proj_head         [92m3.80e-01[0m
  blocks.0          [92m1.18e-01[0m
  blocks.1          [92m9.57e-02[0m
  blocks.2          [92m8.63e-02[0m
  blocks.3          [92m7.60e-02[0m
  blocks.4          [92m6.55e-02[0m
  blocks.5          [92m5.62e-02[0m
  [2m──────────────────────────────────────────────[0m

381/2000  [93m  0.1242[0m  [93m   98.5%[0m    4.74e-04  [92m  0.3750[0m  [92m  0.3621[0m      14.0        
382/2000  [93m  0.1212[0m  [93m   98.8%[0m    4.73e-04  [2m       —[0m  [2m       —[0m       9.8        
383/2000  [93m  0.1307[0m  [93m   98.2%[0m    4.73e-04  [2m       —[0m  [2m       —[0m       9.6        
384/2000  [93m  0.1293[0m  [93m   98.7%[0m    4.73e-04  [2m       —[0m  [2m       —[0m       9.8        
385/2000  [93m  0.1257[0m  [93m   98.5%[0m    4.73e-04  [2m       —[0m  [2m       —[0m       9.8        
386/2000  [93m  0.1248[0m  [93m   98.6%[0m    4.73e-04  [2m       —[0m  [2m       —[0m       9.7        
387/2000  [93m  0.1240[0m  [93m   98.7%[0m    4.73e-04  [2m       —[0m  [2m       —[0m       9.8        
388/2000  [93m  0.1258[0m  [93m   97.8%[0m    4.72e-04  [2m       —[0m  [2m       —[0m       9.6        
389/2000  [93m  0.1278[0m  [93m   98.2%[0m    4.72e-04  [2m       —[0m  [2m       —[0m       9.7        
390/2000  [93m  0.1300[0m  [93m   98.2%[0m    4.72e-04  [2m       —[0m  [2m       —[0m       9.8        

[1m  Triplet Health  epoch 389  [0m[93m● early phase[0m
  [2m──────────────────────────────────────────────[0m
  active               98.2%
  mean d(a,p)         1.3063  ← should decrease
  mean d(a,n)         1.1401  ← should increase
  gap                 [91m-0.1662[0m  ← margin = 0.15
  [2m──────────────────────────────────────────────[0m


[1m  Gradient Health[0m  [92m✓ healthy[0m
  [2m──────────────────────────────────────────────[0m
  global            [92m4.63e-01[0m
  patch_embed       [92m1.45e-01[0m
  cls_token         [92m1.14e-02[0m
  pos_embed         [92m1.28e-02[0m
  norm              [92m1.97e-02[0m
  proj_head         [92m3.90e-01[0m
  blocks.0          [92m1.05e-01[0m
  blocks.1          [92m9.68e-02[0m
  blocks.2          [92m8.63e-02[0m
  blocks.3          [92m7.38e-02[0m
  blocks.4          [92m6.81e-02[0m
  blocks.5          [92m5.81e-02[0m
  [2m──────────────────────────────────────────────[0m

391/2000  [93m  0.1270[0m  [93m   98.9%[0m    4.72e-04  [92m  0.5000[0m  [92m  0.3941[0m      14.3  [96m[1m★ best[0m[0m
[2m14:54:02[0m  [96mℹ[0m  best mAP 0.3941 → runs/run_007/best_model.pth
392/2000  [93m  0.1170[0m  [93m   97.9%[0m    4.72e-04  [2m       —[0m  [2m       —[0m       9.7        
393/2000  [93m  0.1254[0m  [93m   98.1%[0m    4.71e-04  [2m       —[0m  [2m       —[0m       9.6        
394/2000  [93m  0.1237[0m  [93m   98.3%[0m    4.71e-04  [2m       —[0m  [2m       —[0m       9.7        
395/2000  [93m  0.1203[0m  [93m   97.9%[0m    4.71e-04  [2m       —[0m  [2m       —[0m       9.7        
396/2000  [93m  0.1249[0m  [93m   97.7%[0m    4.71e-04  [2m       —[0m  [2m       —[0m       9.6        
397/2000  [93m  0.1182[0m  [93m   98.4%[0m    4.71e-04  [2m       —[0m  [2m       —[0m       9.6        
398/2000  [93m  0.1212[0m  [93m   98.0%[0m    4.70e-04  [2m       —[0m  [2m       —[0m       9.8        
399/2000  [93m  0.1209[0m  [93m   97.7%[0m    4.70e-04  [2m       —[0m  [2m       —[0m       9.7        
400/2000  [93m  0.1209[0m  [93m   98.7%[0m    4.70e-04  [2m       —[0m  [2m       —[0m       9.7        

[1m  Triplet Health  epoch 399  [0m[93m● early phase[0m
  [2m──────────────────────────────────────────────[0m
  active               98.7%
  mean d(a,p)         1.2853  ← should decrease
  mean d(a,n)         1.1277  ← should increase
  gap                 [91m-0.1575[0m  ← margin = 0.15
  [2m──────────────────────────────────────────────[0m


[1m  Gradient Health[0m  [92m✓ healthy[0m
  [2m──────────────────────────────────────────────[0m
  global            [92m4.48e-01[0m
  patch_embed       [92m1.07e-01[0m
  cls_token         [92m9.35e-03[0m
  pos_embed         [92m1.10e-02[0m
  norm              [92m2.10e-02[0m
  proj_head         [92m3.86e-01[0m
  blocks.0          [92m1.01e-01[0m
  blocks.1          [92m9.29e-02[0m
  blocks.2          [92m8.53e-02[0m
  blocks.3          [92m7.39e-02[0m
  blocks.4          [92m6.63e-02[0m
  blocks.5          [92m5.80e-02[0m
  [2m──────────────────────────────────────────────[0m

401/2000  [93m  0.1194[0m  [93m   98.3%[0m    4.70e-04  [92m  0.5500[0m  [92m  0.4437[0m      14.0  [96m[1m★ best[0m[0m
[2m14:55:43[0m  [96mℹ[0m  best mAP 0.4437 → runs/run_007/best_model.pth
402/2000  [93m  0.1173[0m  [93m   97.8%[0m    4.70e-04  [2m       —[0m  [2m       —[0m       9.7        
403/2000  [93m  0.1231[0m  [93m   98.1%[0m    4.69e-04  [2m       —[0m  [2m       —[0m       9.6        
404/2000  [93m  0.1213[0m  [93m   98.6%[0m    4.69e-04  [2m       —[0m  [2m       —[0m       9.6        
405/2000  [93m  0.1205[0m  [93m   98.0%[0m    4.69e-04  [2m       —[0m  [2m       —[0m       9.6        
