/home/fvolvert/anaconda3/envs/myenv/lib/python3.10/site-packages/torchvision/transforms/v2/_deprecated.py:42: UserWarning: The transform `ToTensor()` is deprecated and will be removed in a future release. Instead, please use `v2.Compose([v2.ToImage(), v2.ToDtype(torch.float32, scale=True)])`.Output is equivalent up to float precision.
  warnings.warn(
wandb: [wandb.login()] Loaded credentials for https://api.wandb.ai from /home/fvolvert/.netrc.
wandb: Currently logged in as: florent-volvert (florent-volvert-university-of-li-ge) to https://api.wandb.ai. Use `wandb login --relogin` to force relogin
wandb: setting up run xtma50ll
wandb: Tracking run with wandb version 0.26.1
wandb: Run data is saved locally in wandb_runs/wandb/run-20260513_200746-xtma50ll
wandb: Run `wandb offline` to turn off syncing.
wandb: Syncing run run_003
wandb: ⭐️ View project at https://wandb.ai/florent-volvert-university-of-li-ge/vehicle-reid
wandb: 🚀 View run at https://wandb.ai/florent-volvert-university-of-li-ge/vehicle-reid/runs/xtma50ll

device : cuda
MergedDataset(real=52717, synthetic=192150, total=244867, identities=1802)
Local eval — query: 40 | gallery: 52677
  WandB  : [92menabled[0m  →  https://wandb.ai/florent-volvert-university-of-li-ge/vehicle-reid/runs/xtma50ll

[1m┌──────────────────────────────────────────────────────────────┐[0m
[1m│                    VehicleViT — Training                     │[0m
[1m├──────────────────────────────────────────────────────────────┤[0m
[1m│  Run    : run_003                                            │[0m
[1m│  Epochs : 50                                                 │[0m
[1m│  CSV    : runs/run_003/metrics.csv                           │[0m
[1m└──────────────────────────────────────────────────────────────┘[0m

[2m──────────────────────────────────────────────────────────────────────[0m
[2m   Epoch      Loss   Active%          LR    Rank-1       mAP   Time(s)[0m
[2m──────────────────────────────────────────────────────────────────────[0m
  1/50  [91m  0.5664[0m  [93m  100.0%[0m    1.00e-10  [93m  0.0500[0m  [93m  0.0047[0m      86.6  [96m[1m★ best[0m[0m
[2m20:09:14[0m  [96mℹ[0m  best mAP 0.0047 → runs/run_003/best_model.pth

[1m  Triplet Health  epoch 0[0m  [93m● early phase[0m
  [2m──────────────────────────────────────────────[0m
  active              100.0%
  mean d(a,p)         1.3501  ← should decrease
  mean d(a,n)         0.8837  ← should increase
  gap                 -0.4664  ← margin = 0.1
  [2m──────────────────────────────────────────────[0m


[1m  Gradient Health[0m  [92m✓ healthy[0m
  [2m──────────────────────────────────────────────[0m
  global            [93m5.30e+00[0m
  patch_embed       [93m3.18e+00[0m
  cls_token         [92m3.98e-01[0m
  pos_embed         [92m4.04e-01[0m
  norm              [92m5.29e-02[0m
  proj_head         [92m1.38e+00[0m
  blocks.0          [93m2.51e+00[0m
  blocks.1          [92m1.76e+00[0m
  blocks.2          [92m1.49e+00[0m
  blocks.3          [92m1.28e+00[0m
  blocks.4          [92m1.18e+00[0m
  blocks.5          [92m1.04e+00[0m
  [2m──────────────────────────────────────────────[0m

  2/50  [93m  0.3756[0m  [93m  100.0%[0m    2.00e-05  [2m       —[0m  [2m       —[0m      22.2        
  3/50  [93m  0.3426[0m  [93m  100.0%[0m    4.00e-05  [2m       —[0m  [2m       —[0m      21.9        
  4/50  [93m  0.3179[0m  [93m  100.0%[0m    6.00e-05  [2m       —[0m  [2m       —[0m      22.1        
/home/fvolvert/anaconda3/envs/myenv/lib/python3.10/site-packages/torch/optim/lr_scheduler.py:198: UserWarning: The epoch parameter in `scheduler.step()` was not necessary and is being deprecated where possible. Please use `scheduler.step()` to step the scheduler. During the deprecation, if epoch is different from None, the closed form is used instead of the new chainable form, where available. Please open an issue if you are unable to replicate your use case: https://github.com/pytorch/pytorch/issues/new/choose.
  warnings.warn(EPOCH_DEPRECATION_WARNING, UserWarning)
  5/50  [93m  0.2855[0m  [93m  100.0%[0m    8.00e-05  [2m       —[0m  [2m       —[0m      21.6        
  6/50  [93m  0.2522[0m  [93m  100.0%[0m    1.00e-04  [93m  0.0250[0m  [93m  0.0075[0m      65.0  [96m[1m★ best[0m[0m
[2m20:11:46[0m  [96mℹ[0m  best mAP 0.0075 → runs/run_003/best_model.pth
  7/50  [93m  0.2217[0m  [93m  100.0%[0m    9.99e-05  [2m       —[0m  [2m       —[0m      21.7        
  8/50  [93m  0.1904[0m  [93m  100.0%[0m    9.95e-05  [2m       —[0m  [2m       —[0m      21.9        
  9/50  [93m  0.1583[0m  [93m  100.0%[0m    9.89e-05  [2m       —[0m  [2m       —[0m      21.7        
 10/50  [93m  0.1374[0m  [93m  100.0%[0m    9.81e-05  [2m       —[0m  [2m       —[0m      21.8        

[1m  Triplet Health  epoch 9[0m  [93m● early phase[0m
  [2m──────────────────────────────────────────────[0m
  active              100.0%
  mean d(a,p)         0.1428  ← should decrease
  mean d(a,n)         0.1054  ← should increase
  gap                 -0.0374  ← margin = 0.1
  [2m──────────────────────────────────────────────[0m


[1m  Gradient Health[0m  [92m✓ healthy[0m
  [2m──────────────────────────────────────────────[0m
  global            [92m5.69e-01[0m
  patch_embed       [92m1.67e-01[0m
  cls_token         [92m4.06e-02[0m
  pos_embed         [92m4.08e-02[0m
  norm              [92m1.39e-02[0m
  proj_head         [92m4.66e-01[0m
  blocks.0          [92m1.40e-01[0m
  blocks.1          [92m1.11e-01[0m
  blocks.2          [92m1.08e-01[0m
  blocks.3          [92m1.04e-01[0m
  blocks.4          [92m9.95e-02[0m
  blocks.5          [92m1.03e-01[0m
  [2m──────────────────────────────────────────────[0m

 11/50  [93m  0.1279[0m  [93m  100.0%[0m    9.70e-05  [93m  0.0000[0m  [93m  0.0053[0m      65.2        
 12/50  [93m  0.1222[0m  [93m  100.0%[0m    9.57e-05  [2m       —[0m  [2m       —[0m      21.9        
 13/50  [93m  0.1193[0m  [93m  100.0%[0m    9.41e-05  [2m       —[0m  [2m       —[0m      21.6        
 14/50  [93m  0.1163[0m  [93m  100.0%[0m    9.24e-05  [2m       —[0m  [2m       —[0m      21.6        
 15/50  [93m  0.1143[0m  [93m  100.0%[0m    9.05e-05  [2m       —[0m  [2m       —[0m      21.7        
 16/50  [93m  0.1134[0m  [93m  100.0%[0m    8.83e-05  [93m  0.0000[0m  [93m  0.0042[0m      65.2        
 17/50  [93m  0.1116[0m  [93m  100.0%[0m    8.60e-05  [2m       —[0m  [2m       —[0m      21.6        
 18/50  [93m  0.1104[0m  [93m  100.0%[0m    8.35e-05  [2m       —[0m  [2m       —[0m      21.7        
 19/50  [93m  0.1103[0m  [93m  100.0%[0m    8.08e-05  [2m       —[0m  [2m       —[0m      21.9        
 20/50  [93m  0.1093[0m  [93m  100.0%[0m    7.80e-05  [2m       —[0m  [2m       —[0m      22.1        

[1m  Triplet Health  epoch 19[0m  [91m[1m⚠ COLLAPSE[0m
  [2m──────────────────────────────────────────────[0m
  active              100.0%
  mean d(a,p)         0.0320  ← should decrease
  mean d(a,n)         0.0227  ← should increase
  gap                 -0.0093  ← margin = 0.1
  [2m──────────────────────────────────────────────[0m


[1m  Gradient Health[0m  [92m✓ healthy[0m
  [2m──────────────────────────────────────────────[0m
  global            [92m2.43e-01[0m
  patch_embed       [92m3.93e-02[0m
  cls_token         [92m1.08e-02[0m
  pos_embed         [92m1.08e-02[0m
  norm              [92m3.72e-03[0m
  proj_head         [92m2.30e-01[0m
  blocks.0          [92m3.17e-02[0m
  blocks.1          [92m2.60e-02[0m
  blocks.2          [92m2.39e-02[0m
  blocks.3          [92m2.48e-02[0m
  blocks.4          [92m2.50e-02[0m
  blocks.5          [92m2.61e-02[0m
  [2m──────────────────────────────────────────────[0m

 21/50  [93m  0.1080[0m  [93m  100.0%[0m    7.50e-05  [93m  0.0000[0m  [93m  0.0044[0m      66.0        
 22/50  [93m  0.1074[0m  [93m  100.0%[0m    7.19e-05  [2m       —[0m  [2m       —[0m      21.6        
 23/50  [93m  0.1076[0m  [93m  100.0%[0m    6.87e-05  [2m       —[0m  [2m       —[0m      21.6        
slurmstepd: error: *** JOB 3860243 ON compute-15 CANCELLED AT 2026-05-13T20:20:25 ***
 24/50  [93m  0.1064[0m  [93m  100.0%[0m    6.55e-05  [2m       —[0m  [2m       —[0m      22.1        
