/home/fvolvert/anaconda3/envs/myenv/lib/python3.10/site-packages/torchvision/transforms/v2/_deprecated.py:42: UserWarning: The transform `ToTensor()` is deprecated and will be removed in a future release. Instead, please use `v2.Compose([v2.ToImage(), v2.ToDtype(torch.float32, scale=True)])`.Output is equivalent up to float precision.
  warnings.warn(
wandb: [wandb.login()] Loaded credentials for https://api.wandb.ai from /home/fvolvert/.netrc.
wandb: Currently logged in as: florent-volvert (florent-volvert-university-of-li-ge) to https://api.wandb.ai. Use `wandb login --relogin` to force relogin
wandb: setting up run ctn83s34
wandb: Tracking run with wandb version 0.26.1
wandb: Run data is saved locally in wandb_runs/wandb/run-20260514_103503-ctn83s34
wandb: Run `wandb offline` to turn off syncing.
wandb: Syncing run run_005
wandb: ⭐️ View project at https://wandb.ai/florent-volvert-university-of-li-ge/vehicle-reid
wandb: 🚀 View run at https://wandb.ai/florent-volvert-university-of-li-ge/vehicle-reid/runs/ctn83s34

device : cuda
Train  : _SubDataset(images=47710, identities=400)
Query  : _SubDataset(images=40, identities=40)
Gallery: _SubDataset(images=4967, identities=40)
  WandB  : [92menabled[0m  →  https://wandb.ai/florent-volvert-university-of-li-ge/vehicle-reid/runs/ctn83s34

[1m┌──────────────────────────────────────────────────────────────┐[0m
[1m│                    VehicleViT — Training                     │[0m
[1m├──────────────────────────────────────────────────────────────┤[0m
[1m│  Run    : run_005                                            │[0m
[1m│  Epochs : 200                                                │[0m
[1m│  CSV    : runs/run_005/metrics.csv                           │[0m
[1m└──────────────────────────────────────────────────────────────┘[0m

[2m──────────────────────────────────────────────────────────────────────[0m
[2m   Epoch      Loss   Active%          LR    Rank-1       mAP   Time(s)[0m
[2m──────────────────────────────────────────────────────────────────────[0m
  1/200  [92m -0.2142[0m  [93m  100.0%[0m    3.00e-10  [93m  0.1000[0m  [93m  0.0405[0m      31.9  [96m[1m★ best[0m[0m
[2m10:35:37[0m  [96mℹ[0m  best mAP 0.0405 → runs/run_005/best_model.pth

[1m  Triplet Health  epoch 0[0m  [93m● early phase[0m
  [2m──────────────────────────────────────────────[0m
  active              100.0%
  mean d(a,p)         1.3921  ← should decrease
  mean d(a,n)         0.8563  ← should increase
  gap                 -0.5358  ← margin = 0.1
  [2m──────────────────────────────────────────────[0m


[1m  Gradient Health[0m  [92m✓ healthy[0m
  [2m──────────────────────────────────────────────[0m
  global            [93m7.81e+00[0m
  patch_embed       [93m4.80e+00[0m
  cls_token         [92m6.61e-01[0m
  pos_embed         [92m6.63e-01[0m
  norm              [92m8.11e-02[0m
  proj_head         [93m2.09e+00[0m
  blocks.0          [93m3.58e+00[0m
  blocks.1          [93m2.49e+00[0m
  blocks.2          [93m2.16e+00[0m
  blocks.3          [92m1.95e+00[0m
  blocks.4          [92m1.67e+00[0m
  blocks.5          [92m1.57e+00[0m
  [2m──────────────────────────────────────────────[0m

  2/200  [92m -0.4058[0m  [93m  100.0%[0m    3.00e-05  [2m       —[0m  [2m       —[0m      13.1        
  3/200  [92m -0.5796[0m  [93m  100.0%[0m    6.00e-05  [2m       —[0m  [2m       —[0m      12.5        
  4/200  [92m -0.6657[0m  [93m  100.0%[0m    9.00e-05  [2m       —[0m  [2m       —[0m      12.3        
  5/200  [92m -0.7103[0m  [93m  100.0%[0m    1.20e-04  [2m       —[0m  [2m       —[0m      11.8        
  6/200  [92m -0.7276[0m  [93m  100.0%[0m    1.50e-04  [93m  0.1500[0m  [93m  0.0630[0m      16.2  [96m[1m★ best[0m[0m
[2m10:36:43[0m  [96mℹ[0m  best mAP 0.0630 → runs/run_005/best_model.pth
  7/200  [92m -0.7379[0m  [93m  100.0%[0m    1.80e-04  [2m       —[0m  [2m       —[0m      11.6        
  8/200  [92m -0.7493[0m  [93m  100.0%[0m    2.10e-04  [2m       —[0m  [2m       —[0m      11.5        
  9/200  [92m -0.7553[0m  [93m  100.0%[0m    2.40e-04  [2m       —[0m  [2m       —[0m      11.2        
/home/fvolvert/anaconda3/envs/myenv/lib/python3.10/site-packages/torch/optim/lr_scheduler.py:198: UserWarning: The epoch parameter in `scheduler.step()` was not necessary and is being deprecated where possible. Please use `scheduler.step()` to step the scheduler. During the deprecation, if epoch is different from None, the closed form is used instead of the new chainable form, where available. Please open an issue if you are unable to replicate your use case: https://github.com/pytorch/pytorch/issues/new/choose.
  warnings.warn(EPOCH_DEPRECATION_WARNING, UserWarning)
 10/200  [92m -0.7597[0m  [93m  100.0%[0m    2.70e-04  [2m       —[0m  [2m       —[0m      10.9        

[1m  Triplet Health  epoch 9[0m  [93m● early phase[0m
  [2m──────────────────────────────────────────────[0m
  active              100.0%
  mean d(a,p)         1.5073  ← should decrease
  mean d(a,n)         1.1894  ← should increase
  gap                 -0.3180  ← margin = 0.1
  [2m──────────────────────────────────────────────[0m


[1m  Gradient Health[0m  [92m✓ healthy[0m
  [2m──────────────────────────────────────────────[0m
  global            [92m1.32e+00[0m
  patch_embed       [92m5.20e-01[0m
  cls_token         [92m6.10e-02[0m
  pos_embed         [92m6.25e-02[0m
  norm              [92m2.41e-02[0m
  proj_head         [92m6.80e-01[0m
  blocks.0          [92m4.97e-01[0m
  blocks.1          [92m4.26e-01[0m
  blocks.2          [92m3.93e-01[0m
  blocks.3          [92m3.91e-01[0m
  blocks.4          [92m3.74e-01[0m
  blocks.5          [92m3.46e-01[0m
  [2m──────────────────────────────────────────────[0m

 11/200  [92m -0.7712[0m  [93m  100.0%[0m    3.00e-04  [93m  0.2000[0m  [93m  0.0790[0m      15.5  [96m[1m★ best[0m[0m
[2m10:37:44[0m  [96mℹ[0m  best mAP 0.0790 → runs/run_005/best_model.pth
 12/200  [92m -0.7746[0m  [93m  100.0%[0m    3.00e-04  [2m       —[0m  [2m       —[0m      10.8        
 13/200  [92m -0.7783[0m  [93m  100.0%[0m    3.00e-04  [2m       —[0m  [2m       —[0m      10.8        
 14/200  [92m -0.7799[0m  [93m  100.0%[0m    3.00e-04  [2m       —[0m  [2m       —[0m      10.9        
 15/200  [92m -0.7858[0m  [93m  100.0%[0m    3.00e-04  [2m       —[0m  [2m       —[0m      10.8        
 16/200  [92m -0.7910[0m  [93m  100.0%[0m    2.99e-04  [93m  0.1750[0m  [93m  0.0755[0m      15.1        
 17/200  [92m -0.7930[0m  [93m  100.0%[0m    2.99e-04  [2m       —[0m  [2m       —[0m      10.5        
 18/200  [92m -0.7971[0m  [93m  100.0%[0m    2.99e-04  [2m       —[0m  [2m       —[0m      10.7        
 19/200  [92m -0.7993[0m  [93m  100.0%[0m    2.99e-04  [2m       —[0m  [2m       —[0m      10.4        
 20/200  [92m -0.8007[0m  [93m  100.0%[0m    2.98e-04  [2m       —[0m  [2m       —[0m      10.6        

[1m  Triplet Health  epoch 19[0m  [93m● early phase[0m
  [2m──────────────────────────────────────────────[0m
  active              100.0%
  mean d(a,p)         1.4973  ← should decrease
  mean d(a,n)         1.2142  ← should increase
  gap                 -0.2832  ← margin = 0.1
  [2m──────────────────────────────────────────────[0m


[1m  Gradient Health[0m  [92m✓ healthy[0m
  [2m──────────────────────────────────────────────[0m
  global            [92m9.33e-01[0m
  patch_embed       [92m2.23e-01[0m
  cls_token         [92m3.47e-02[0m
  pos_embed         [92m3.60e-02[0m
  norm              [92m2.03e-02[0m
  proj_head         [92m6.37e-01[0m
  blocks.0          [92m2.95e-01[0m
  blocks.1          [92m2.74e-01[0m
  blocks.2          [92m2.50e-01[0m
  blocks.3          [92m2.43e-01[0m
  blocks.4          [92m2.51e-01[0m
  blocks.5          [92m2.54e-01[0m
  [2m──────────────────────────────────────────────[0m

 21/200  [92m -0.8019[0m  [93m  100.0%[0m    2.98e-04  [93m  0.1500[0m  [93m  0.0795[0m      14.7  [96m[1m★ best[0m[0m
[2m10:39:39[0m  [96mℹ[0m  best mAP 0.0795 → runs/run_005/best_model.pth
 22/200  [92m -0.8077[0m  [93m  100.0%[0m    2.98e-04  [2m       —[0m  [2m       —[0m      10.6        
 23/200  [92m -0.8095[0m  [93m  100.0%[0m    2.97e-04  [2m       —[0m  [2m       —[0m      10.5        
 24/200  [92m -0.8106[0m  [93m  100.0%[0m    2.97e-04  [2m       —[0m  [2m       —[0m      10.4        
 25/200  [92m -0.8126[0m  [93m  100.0%[0m    2.96e-04  [2m       —[0m  [2m       —[0m      10.3        
 26/200  [92m -0.8119[0m  [93m  100.0%[0m    2.95e-04  [93m  0.1000[0m  [93m  0.0773[0m      14.8        
 27/200  [92m -0.8141[0m  [93m  100.0%[0m    2.95e-04  [2m       —[0m  [2m       —[0m      10.5        
 28/200  [92m -0.8183[0m  [93m  100.0%[0m    2.94e-04  [2m       —[0m  [2m       —[0m      10.2        
 29/200  [92m -0.8169[0m  [93m  100.0%[0m    2.93e-04  [2m       —[0m  [2m       —[0m      10.5        
 30/200  [92m -0.8178[0m  [93m  100.0%[0m    2.93e-04  [2m       —[0m  [2m       —[0m      10.4        

[1m  Triplet Health  epoch 29[0m  [93m● early phase[0m
  [2m──────────────────────────────────────────────[0m
  active              100.0%
  mean d(a,p)         1.4892  ← should decrease
  mean d(a,n)         1.2214  ← should increase
  gap                 -0.2679  ← margin = 0.1
  [2m──────────────────────────────────────────────[0m


[1m  Gradient Health[0m  [92m✓ healthy[0m
  [2m──────────────────────────────────────────────[0m
  global            [92m8.48e-01[0m
  patch_embed       [92m1.79e-01[0m
  cls_token         [92m2.11e-02[0m
  pos_embed         [92m2.22e-02[0m
  norm              [92m2.30e-02[0m
  proj_head         [92m6.38e-01[0m
  blocks.0          [92m2.35e-01[0m
  blocks.1          [92m2.23e-01[0m
  blocks.2          [92m2.06e-01[0m
  blocks.3          [92m2.06e-01[0m
  blocks.4          [92m2.16e-01[0m
  blocks.5          [92m2.05e-01[0m
  [2m──────────────────────────────────────────────[0m

 31/200  [92m -0.8207[0m  [93m  100.0%[0m    2.92e-04  [93m  0.1000[0m  [93m  0.0865[0m      15.0  [96m[1m★ best[0m[0m
[2m10:41:32[0m  [96mℹ[0m  best mAP 0.0865 → runs/run_005/best_model.pth
 32/200  [92m -0.8226[0m  [93m  100.0%[0m    2.91e-04  [2m       —[0m  [2m       —[0m      10.3        
 33/200  [92m -0.8217[0m  [93m  100.0%[0m    2.90e-04  [2m       —[0m  [2m       —[0m      10.2        
 34/200  [92m -0.8218[0m  [93m  100.0%[0m    2.89e-04  [2m       —[0m  [2m       —[0m      10.2        
 35/200  [92m -0.8236[0m  [93m  100.0%[0m    2.88e-04  [2m       —[0m  [2m       —[0m      10.2        
 36/200  [92m -0.8227[0m  [93m  100.0%[0m    2.87e-04  [93m  0.1500[0m  [93m  0.0890[0m      14.6  [96m[1m★ best[0m[0m
[2m10:42:28[0m  [96mℹ[0m  best mAP 0.0890 → runs/run_005/best_model.pth
 37/200  [92m -0.8247[0m  [93m  100.0%[0m    2.86e-04  [2m       —[0m  [2m       —[0m      10.2        
 38/200  [92m -0.8256[0m  [93m  100.0%[0m    2.85e-04  [2m       —[0m  [2m       —[0m      10.2        
 39/200  [92m -0.8256[0m  [93m  100.0%[0m    2.84e-04  [2m       —[0m  [2m       —[0m      10.1        
 40/200  [92m -0.8259[0m  [93m  100.0%[0m    2.83e-04  [2m       —[0m  [2m       —[0m      10.0        

[1m  Triplet Health  epoch 39[0m  [93m● early phase[0m
  [2m──────────────────────────────────────────────[0m
  active              100.0%
  mean d(a,p)         1.4866  ← should decrease
  mean d(a,n)         1.2257  ← should increase
  gap                 -0.2609  ← margin = 0.1
  [2m──────────────────────────────────────────────[0m


[1m  Gradient Health[0m  [92m✓ healthy[0m
  [2m──────────────────────────────────────────────[0m
  global            [92m7.79e-01[0m
  patch_embed       [92m1.65e-01[0m
  cls_token         [92m1.87e-02[0m
  pos_embed         [92m1.94e-02[0m
  norm              [92m1.93e-02[0m
  proj_head         [92m6.10e-01[0m
  blocks.0          [92m2.00e-01[0m
  blocks.1          [92m1.84e-01[0m
  blocks.2          [92m1.79e-01[0m
  blocks.3          [92m1.81e-01[0m
  blocks.4          [92m1.84e-01[0m
  blocks.5          [92m1.84e-01[0m
  [2m──────────────────────────────────────────────[0m

 41/200  [92m -0.8262[0m  [93m  100.0%[0m    2.82e-04  [93m  0.1000[0m  [93m  0.0913[0m      14.5  [96m[1m★ best[0m[0m
[2m10:43:23[0m  [96mℹ[0m  best mAP 0.0913 → runs/run_005/best_model.pth
 42/200  [92m -0.8277[0m  [93m  100.0%[0m    2.81e-04  [2m       —[0m  [2m       —[0m      10.2        
 43/200  [92m -0.8301[0m  [93m  100.0%[0m    2.79e-04  [2m       —[0m  [2m       —[0m      10.2        
 44/200  [92m -0.8291[0m  [93m  100.0%[0m    2.78e-04  [2m       —[0m  [2m       —[0m      10.1        
 45/200  [92m -0.8310[0m  [93m  100.0%[0m    2.77e-04  [2m       —[0m  [2m       —[0m      10.1        
 46/200  [92m -0.8303[0m  [93m  100.0%[0m    2.76e-04  [93m  0.0750[0m  [93m  0.0863[0m      14.3        
 47/200  [92m -0.8336[0m  [93m  100.0%[0m    2.74e-04  [2m       —[0m  [2m       —[0m      10.0        
 48/200  [92m -0.8316[0m  [93m  100.0%[0m    2.73e-04  [2m       —[0m  [2m       —[0m      10.1        
 49/200  [92m -0.8324[0m  [93m  100.0%[0m    2.71e-04  [2m       —[0m  [2m       —[0m      10.2        
 50/200  [92m -0.8312[0m  [93m  100.0%[0m    2.70e-04  [2m       —[0m  [2m       —[0m      10.2        

[1m  Triplet Health  epoch 49[0m  [93m● early phase[0m
  [2m──────────────────────────────────────────────[0m
  active              100.0%
  mean d(a,p)         1.4846  ← should decrease
  mean d(a,n)         1.2284  ← should increase
  gap                 -0.2562  ← margin = 0.1
  [2m──────────────────────────────────────────────[0m


[1m  Gradient Health[0m  [92m✓ healthy[0m
  [2m──────────────────────────────────────────────[0m
  global            [92m7.69e-01[0m
  patch_embed       [92m1.29e-01[0m
  cls_token         [92m2.09e-02[0m
  pos_embed         [92m2.17e-02[0m
  norm              [92m2.04e-02[0m
  proj_head         [92m6.21e-01[0m
  blocks.0          [92m1.95e-01[0m
  blocks.1          [92m1.82e-01[0m
  blocks.2          [92m1.78e-01[0m
  blocks.3          [92m1.65e-01[0m
  blocks.4          [92m1.66e-01[0m
  blocks.5          [92m1.73e-01[0m
  [2m──────────────────────────────────────────────[0m

 51/200  [92m -0.8317[0m  [93m  100.0%[0m    2.68e-04  [93m  0.1000[0m  [93m  0.0867[0m      14.3        
 52/200  [92m -0.8346[0m  [93m  100.0%[0m    2.67e-04  [2m       —[0m  [2m       —[0m      10.1        
 53/200  [92m -0.8355[0m  [93m  100.0%[0m    2.65e-04  [2m       —[0m  [2m       —[0m      10.0        
 54/200  [92m -0.8347[0m  [93m  100.0%[0m    2.64e-04  [2m       —[0m  [2m       —[0m      10.0        
 55/200  [92m -0.8353[0m  [93m  100.0%[0m    2.62e-04  [2m       —[0m  [2m       —[0m       9.9        
 56/200  [92m -0.8371[0m  [93m  100.0%[0m    2.60e-04  [93m  0.1250[0m  [93m  0.0976[0m      14.4  [96m[1m★ best[0m[0m
[2m10:46:07[0m  [96mℹ[0m  best mAP 0.0976 → runs/run_005/best_model.pth
 57/200  [92m -0.8386[0m  [93m  100.0%[0m    2.59e-04  [2m       —[0m  [2m       —[0m      10.1        
 58/200  [92m -0.8347[0m  [93m  100.0%[0m    2.57e-04  [2m       —[0m  [2m       —[0m      10.0        
 59/200  [92m -0.8353[0m  [93m  100.0%[0m    2.55e-04  [2m       —[0m  [2m       —[0m      10.0        
 60/200  [92m -0.8355[0m  [93m  100.0%[0m    2.53e-04  [2m       —[0m  [2m       —[0m      10.1        

[1m  Triplet Health  epoch 59[0m  [93m● early phase[0m
  [2m──────────────────────────────────────────────[0m
  active              100.0%
  mean d(a,p)         1.4804  ← should decrease
  mean d(a,n)         1.2285  ← should increase
  gap                 -0.2519  ← margin = 0.1
  [2m──────────────────────────────────────────────[0m


[1m  Gradient Health[0m  [92m✓ healthy[0m
  [2m──────────────────────────────────────────────[0m
  global            [92m7.57e-01[0m
  patch_embed       [92m1.41e-01[0m
  cls_token         [92m2.09e-02[0m
  pos_embed         [92m2.22e-02[0m
  norm              [92m1.99e-02[0m
  proj_head         [92m6.15e-01[0m
  blocks.0          [92m1.97e-01[0m
  blocks.1          [92m1.69e-01[0m
  blocks.2          [92m1.76e-01[0m
  blocks.3          [92m1.59e-01[0m
  blocks.4          [92m1.53e-01[0m
  blocks.5          [92m1.62e-01[0m
  [2m──────────────────────────────────────────────[0m

 61/200  [92m -0.8399[0m  [93m  100.0%[0m    2.52e-04  [93m  0.2250[0m  [93m  0.1077[0m      14.2  [96m[1m★ best[0m[0m
[2m10:47:02[0m  [96mℹ[0m  best mAP 0.1077 → runs/run_005/best_model.pth
 62/200  [92m -0.8379[0m  [93m  100.0%[0m    2.50e-04  [2m       —[0m  [2m       —[0m       9.9        
 63/200  [92m -0.8389[0m  [93m  100.0%[0m    2.48e-04  [2m       —[0m  [2m       —[0m       9.9        
 64/200  [92m -0.8365[0m  [93m  100.0%[0m    2.46e-04  [2m       —[0m  [2m       —[0m       9.9        
 65/200  [92m -0.8385[0m  [93m  100.0%[0m    2.44e-04  [2m       —[0m  [2m       —[0m       9.8        
 66/200  [92m -0.8386[0m  [93m  100.0%[0m    2.42e-04  [93m  0.1750[0m  [93m  0.1138[0m      14.4  [96m[1m★ best[0m[0m
[2m10:47:56[0m  [96mℹ[0m  best mAP 0.1138 → runs/run_005/best_model.pth
 67/200  [92m -0.8385[0m  [93m  100.0%[0m    2.40e-04  [2m       —[0m  [2m       —[0m       9.8        
 68/200  [92m -0.8421[0m  [93m  100.0%[0m    2.38e-04  [2m       —[0m  [2m       —[0m       9.9        
 69/200  [92m -0.8404[0m  [93m  100.0%[0m    2.36e-04  [2m       —[0m  [2m       —[0m      10.1        
 70/200  [92m -0.8416[0m  [93m  100.0%[0m    2.34e-04  [2m       —[0m  [2m       —[0m      10.0        

[1m  Triplet Health  epoch 69[0m  [93m● early phase[0m
  [2m──────────────────────────────────────────────[0m
  active              100.0%
  mean d(a,p)         1.4768  ← should decrease
  mean d(a,n)         1.2310  ← should increase
  gap                 -0.2458  ← margin = 0.1
  [2m──────────────────────────────────────────────[0m


[1m  Gradient Health[0m  [92m✓ healthy[0m
  [2m──────────────────────────────────────────────[0m
  global            [92m7.17e-01[0m
  patch_embed       [92m1.34e-01[0m
  cls_token         [92m1.78e-02[0m
  pos_embed         [92m2.04e-02[0m
  norm              [92m1.87e-02[0m
  proj_head         [92m5.97e-01[0m
  blocks.0          [92m1.68e-01[0m
  blocks.1          [92m1.51e-01[0m
  blocks.2          [92m1.62e-01[0m
  blocks.3          [92m1.52e-01[0m
  blocks.4          [92m1.38e-01[0m
  blocks.5          [92m1.41e-01[0m
  [2m──────────────────────────────────────────────[0m

 71/200  [92m -0.8393[0m  [93m  100.0%[0m    2.32e-04  [93m  0.2250[0m  [93m  0.1138[0m      14.2  [96m[1m★ best[0m[0m
[2m10:48:50[0m  [96mℹ[0m  best mAP 0.1138 → runs/run_005/best_model.pth
 72/200  [92m -0.8390[0m  [93m  100.0%[0m    2.30e-04  [2m       —[0m  [2m       —[0m       9.9        
 73/200  [92m -0.8394[0m  [93m  100.0%[0m    2.28e-04  [2m       —[0m  [2m       —[0m      10.0        
 74/200  [92m -0.8397[0m  [93m  100.0%[0m    2.26e-04  [2m       —[0m  [2m       —[0m      10.0        
 75/200  [92m -0.8421[0m  [93m  100.0%[0m    2.24e-04  [2m       —[0m  [2m       —[0m       9.9        
 76/200  [92m -0.8418[0m  [93m  100.0%[0m    2.21e-04  [93m  0.1750[0m  [93m  0.1245[0m      14.4  [96m[1m★ best[0m[0m
[2m10:49:44[0m  [96mℹ[0m  best mAP 0.1245 → runs/run_005/best_model.pth
 77/200  [92m -0.8449[0m  [93m  100.0%[0m    2.19e-04  [2m       —[0m  [2m       —[0m       9.8        
 78/200  [92m -0.8401[0m  [93m  100.0%[0m    2.17e-04  [2m       —[0m  [2m       —[0m      10.0        
 79/200  [92m -0.8435[0m  [93m  100.0%[0m    2.15e-04  [2m       —[0m  [2m       —[0m      10.0        
 80/200  [92m -0.8427[0m  [93m   99.9%[0m    2.13e-04  [2m       —[0m  [2m       —[0m       9.9        

[1m  Triplet Health  epoch 79[0m  [93m● early phase[0m
  [2m──────────────────────────────────────────────[0m
  active               99.9%
  mean d(a,p)         1.4715  ← should decrease
  mean d(a,n)         1.2275  ← should increase
  gap                 -0.2440  ← margin = 0.1
  [2m──────────────────────────────────────────────[0m


[1m  Gradient Health[0m  [92m✓ healthy[0m
  [2m──────────────────────────────────────────────[0m
  global            [92m7.37e-01[0m
  patch_embed       [92m1.58e-01[0m
  cls_token         [92m2.05e-02[0m
  pos_embed         [92m2.32e-02[0m
  norm              [92m2.17e-02[0m
  proj_head         [92m6.11e-01[0m
  blocks.0          [92m1.74e-01[0m
  blocks.1          [92m1.58e-01[0m
  blocks.2          [92m1.48e-01[0m
  blocks.3          [92m1.57e-01[0m
  blocks.4          [92m1.44e-01[0m
  blocks.5          [92m1.44e-01[0m
  [2m──────────────────────────────────────────────[0m

 81/200  [92m -0.8430[0m  [93m  100.0%[0m    2.10e-04  [93m  0.1750[0m  [93m  0.1317[0m      14.3  [96m[1m★ best[0m[0m
[2m10:50:38[0m  [96mℹ[0m  best mAP 0.1317 → runs/run_005/best_model.pth
 82/200  [92m -0.8444[0m  [93m  100.0%[0m    2.08e-04  [2m       —[0m  [2m       —[0m      10.0        
 83/200  [92m -0.8438[0m  [93m   99.9%[0m    2.06e-04  [2m       —[0m  [2m       —[0m       9.9        
 84/200  [92m -0.8439[0m  [93m  100.0%[0m    2.03e-04  [2m       —[0m  [2m       —[0m      10.2        
 85/200  [92m -0.8470[0m  [93m  100.0%[0m    2.01e-04  [2m       —[0m  [2m       —[0m       9.8        
 86/200  [92m -0.8425[0m  [93m  100.0%[0m    1.99e-04  [93m  0.1500[0m  [93m  0.1296[0m      14.2        
 87/200  [92m -0.8433[0m  [93m  100.0%[0m    1.96e-04  [2m       —[0m  [2m       —[0m      10.1        
 88/200  [92m -0.8454[0m  [93m  100.0%[0m    1.94e-04  [2m       —[0m  [2m       —[0m       9.9        
 89/200  [92m -0.8474[0m  [93m  100.0%[0m    1.92e-04  [2m       —[0m  [2m       —[0m       9.9        
 90/200  [92m -0.8466[0m  [93m   99.8%[0m    1.89e-04  [2m       —[0m  [2m       —[0m       9.8        

[1m  Triplet Health  epoch 89[0m  [93m● early phase[0m
  [2m──────────────────────────────────────────────[0m
  active               99.8%
  mean d(a,p)         1.4696  ← should decrease
  mean d(a,n)         1.2296  ← should increase
  gap                 -0.2400  ← margin = 0.1
  [2m──────────────────────────────────────────────[0m


[1m  Gradient Health[0m  [92m✓ healthy[0m
  [2m──────────────────────────────────────────────[0m
  global            [92m7.33e-01[0m
  patch_embed       [92m1.97e-01[0m
  cls_token         [92m2.25e-02[0m
  pos_embed         [92m2.42e-02[0m
  norm              [92m2.04e-02[0m
  proj_head         [92m6.02e-01[0m
  blocks.0          [92m1.72e-01[0m
  blocks.1          [92m1.55e-01[0m
  blocks.2          [92m1.46e-01[0m
  blocks.3          [92m1.49e-01[0m
  blocks.4          [92m1.41e-01[0m
  blocks.5          [92m1.33e-01[0m
  [2m──────────────────────────────────────────────[0m

 91/200  [92m -0.8468[0m  [93m  100.0%[0m    1.87e-04  [93m  0.2000[0m  [93m  0.1318[0m      14.0  [96m[1m★ best[0m[0m
[2m10:52:26[0m  [96mℹ[0m  best mAP 0.1318 → runs/run_005/best_model.pth
 92/200  [92m -0.8486[0m  [93m  100.0%[0m    1.84e-04  [2m       —[0m  [2m       —[0m       9.8        
 93/200  [92m -0.8478[0m  [93m  100.0%[0m    1.82e-04  [2m       —[0m  [2m       —[0m      10.0        
 94/200  [92m -0.8481[0m  [93m  100.0%[0m    1.80e-04  [2m       —[0m  [2m       —[0m       9.9        
 95/200  [92m -0.8480[0m  [93m  100.0%[0m    1.77e-04  [2m       —[0m  [2m       —[0m       9.9        
 96/200  [92m -0.8454[0m  [93m  100.0%[0m    1.75e-04  [93m  0.2250[0m  [93m  0.1348[0m      14.2  [96m[1m★ best[0m[0m
[2m10:53:20[0m  [96mℹ[0m  best mAP 0.1348 → runs/run_005/best_model.pth
 97/200  [92m -0.8493[0m  [93m  100.0%[0m    1.72e-04  [2m       —[0m  [2m       —[0m      10.0        
 98/200  [92m -0.8476[0m  [93m  100.0%[0m    1.70e-04  [2m       —[0m  [2m       —[0m       9.9        
 99/200  [92m -0.8479[0m  [93m  100.0%[0m    1.67e-04  [2m       —[0m  [2m       —[0m       9.9        
100/200  [92m -0.8508[0m  [93m  100.0%[0m    1.65e-04  [2m       —[0m  [2m       —[0m       9.9        

[1m  Triplet Health  epoch 99[0m  [93m● early phase[0m
  [2m──────────────────────────────────────────────[0m
  active              100.0%
  mean d(a,p)         1.4666  ← should decrease
  mean d(a,n)         1.2306  ← should increase
  gap                 -0.2361  ← margin = 0.1
  [2m──────────────────────────────────────────────[0m


[1m  Gradient Health[0m  [92m✓ healthy[0m
  [2m──────────────────────────────────────────────[0m
  global            [92m7.20e-01[0m
  patch_embed       [92m1.49e-01[0m
  cls_token         [92m1.73e-02[0m
  pos_embed         [92m2.18e-02[0m
  norm              [92m2.05e-02[0m
  proj_head         [92m6.03e-01[0m
  blocks.0          [92m1.56e-01[0m
  blocks.1          [92m1.53e-01[0m
  blocks.2          [92m1.39e-01[0m
  blocks.3          [92m1.42e-01[0m
  blocks.4          [92m1.52e-01[0m
  blocks.5          [92m1.44e-01[0m
  [2m──────────────────────────────────────────────[0m

101/200  [92m -0.8493[0m  [93m  100.0%[0m    1.62e-04  [93m  0.2000[0m  [93m  0.1388[0m      14.1  [96m[1m★ best[0m[0m
[2m10:54:14[0m  [96mℹ[0m  best mAP 0.1388 → runs/run_005/best_model.pth
102/200  [92m -0.8482[0m  [93m   99.9%[0m    1.60e-04  [2m       —[0m  [2m       —[0m       9.8        
103/200  [92m -0.8504[0m  [93m  100.0%[0m    1.57e-04  [2m       —[0m  [2m       —[0m       9.9        
104/200  [92m -0.8485[0m  [93m   99.8%[0m    1.55e-04  [2m       —[0m  [2m       —[0m       9.8        
105/200  [92m -0.8500[0m  [93m  100.0%[0m    1.52e-04  [2m       —[0m  [2m       —[0m       9.8        
106/200  [92m -0.8500[0m  [93m  100.0%[0m    1.50e-04  [93m  0.2750[0m  [93m  0.1511[0m      14.2  [96m[1m★ best[0m[0m
[2m10:55:07[0m  [96mℹ[0m  best mAP 0.1511 → runs/run_005/best_model.pth
107/200  [92m -0.8527[0m  [93m  100.0%[0m    1.48e-04  [2m       —[0m  [2m       —[0m       9.8        
108/200  [92m -0.8516[0m  [93m  100.0%[0m    1.45e-04  [2m       —[0m  [2m       —[0m       9.8        
109/200  [92m -0.8504[0m  [93m  100.0%[0m    1.43e-04  [2m       —[0m  [2m       —[0m       9.8        
110/200  [92m -0.8538[0m  [93m  100.0%[0m    1.40e-04  [2m       —[0m  [2m       —[0m       9.9        

[1m  Triplet Health  epoch 109[0m  [93m● early phase[0m
  [2m──────────────────────────────────────────────[0m
  active              100.0%
  mean d(a,p)         1.4624  ← should decrease
  mean d(a,n)         1.2294  ← should increase
  gap                 -0.2330  ← margin = 0.1
  [2m──────────────────────────────────────────────[0m


[1m  Gradient Health[0m  [92m✓ healthy[0m
  [2m──────────────────────────────────────────────[0m
  global            [92m7.47e-01[0m
  patch_embed       [92m2.01e-01[0m
  cls_token         [92m2.14e-02[0m
  pos_embed         [92m2.29e-02[0m
  norm              [92m2.10e-02[0m
  proj_head         [92m6.14e-01[0m
  blocks.0          [92m1.69e-01[0m
  blocks.1          [92m1.61e-01[0m
  blocks.2          [92m1.47e-01[0m
  blocks.3          [92m1.52e-01[0m
  blocks.4          [92m1.45e-01[0m
  blocks.5          [92m1.40e-01[0m
  [2m──────────────────────────────────────────────[0m

111/200  [92m -0.8515[0m  [93m   99.9%[0m    1.38e-04  [93m  0.3000[0m  [93m  0.1836[0m      14.2  [96m[1m★ best[0m[0m
[2m10:56:01[0m  [96mℹ[0m  best mAP 0.1836 → runs/run_005/best_model.pth
112/200  [92m -0.8490[0m  [93m   99.9%[0m    1.35e-04  [2m       —[0m  [2m       —[0m       9.9        
113/200  [92m -0.8508[0m  [93m  100.0%[0m    1.33e-04  [2m       —[0m  [2m       —[0m       9.9        
114/200  [92m -0.8523[0m  [93m  100.0%[0m    1.30e-04  [2m       —[0m  [2m       —[0m       9.8        
115/200  [92m -0.8519[0m  [93m  100.0%[0m    1.28e-04  [2m       —[0m  [2m       —[0m      10.0        
116/200  [92m -0.8546[0m  [93m  100.0%[0m    1.25e-04  [93m  0.2250[0m  [93m  0.1899[0m      14.2  [96m[1m★ best[0m[0m
[2m10:56:55[0m  [96mℹ[0m  best mAP 0.1899 → runs/run_005/best_model.pth
117/200  [92m -0.8524[0m  [93m  100.0%[0m    1.23e-04  [2m       —[0m  [2m       —[0m       9.9        
118/200  [92m -0.8516[0m  [93m  100.0%[0m    1.20e-04  [2m       —[0m  [2m       —[0m       9.8        
119/200  [92m -0.8531[0m  [93m   99.9%[0m    1.18e-04  [2m       —[0m  [2m       —[0m       9.8        
120/200  [92m -0.8539[0m  [93m   99.7%[0m    1.16e-04  [2m       —[0m  [2m       —[0m       9.9        

[1m  Triplet Health  epoch 119[0m  [93m● early phase[0m
  [2m──────────────────────────────────────────────[0m
  active               99.7%
  mean d(a,p)         1.4588  ← should decrease
  mean d(a,n)         1.2268  ← should increase
  gap                 -0.2319  ← margin = 0.1
  [2m──────────────────────────────────────────────[0m


[1m  Gradient Health[0m  [92m✓ healthy[0m
  [2m──────────────────────────────────────────────[0m
  global            [92m7.33e-01[0m
  patch_embed       [92m2.01e-01[0m
  cls_token         [92m1.79e-02[0m
  pos_embed         [92m1.94e-02[0m
  norm              [92m2.05e-02[0m
  proj_head         [92m6.03e-01[0m
  blocks.0          [92m1.63e-01[0m
  blocks.1          [92m1.58e-01[0m
  blocks.2          [92m1.46e-01[0m
  blocks.3          [92m1.44e-01[0m
  blocks.4          [92m1.37e-01[0m
  blocks.5          [92m1.41e-01[0m
  [2m──────────────────────────────────────────────[0m

121/200  [92m -0.8585[0m  [93m   99.8%[0m    1.13e-04  [93m  0.3000[0m  [93m  0.2029[0m      14.2  [96m[1m★ best[0m[0m
[2m10:57:48[0m  [96mℹ[0m  best mAP 0.2029 → runs/run_005/best_model.pth
122/200  [92m -0.8569[0m  [93m  100.0%[0m    1.11e-04  [2m       —[0m  [2m       —[0m       9.7        
123/200  [92m -0.8560[0m  [93m   99.9%[0m    1.08e-04  [2m       —[0m  [2m       —[0m       9.9        
124/200  [92m -0.8549[0m  [93m   99.9%[0m    1.06e-04  [2m       —[0m  [2m       —[0m       9.9        
125/200  [92m -0.8564[0m  [93m  100.0%[0m    1.04e-04  [2m       —[0m  [2m       —[0m       9.9        
126/200  [92m -0.8549[0m  [93m  100.0%[0m    1.01e-04  [93m  0.2750[0m  [93m  0.2004[0m      14.1        
127/200  [92m -0.8563[0m  [93m   99.8%[0m    9.90e-05  [2m       —[0m  [2m       —[0m      10.0        
128/200  [92m -0.8563[0m  [93m  100.0%[0m    9.66e-05  [2m       —[0m  [2m       —[0m       9.8        
129/200  [92m -0.8544[0m  [93m  100.0%[0m    9.43e-05  [2m       —[0m  [2m       —[0m       9.8        
130/200  [92m -0.8555[0m  [93m   99.8%[0m    9.20e-05  [2m       —[0m  [2m       —[0m      10.8        

[1m  Triplet Health  epoch 129[0m  [93m● early phase[0m
  [2m──────────────────────────────────────────────[0m
  active               99.8%
  mean d(a,p)         1.4576  ← should decrease
  mean d(a,n)         1.2273  ← should increase
  gap                 -0.2304  ← margin = 0.1
  [2m──────────────────────────────────────────────[0m


[1m  Gradient Health[0m  [92m✓ healthy[0m
  [2m──────────────────────────────────────────────[0m
  global            [92m7.61e-01[0m
  patch_embed       [92m2.22e-01[0m
  cls_token         [92m3.38e-02[0m
  pos_embed         [92m3.51e-02[0m
  norm              [92m2.05e-02[0m
  proj_head         [92m6.15e-01[0m
  blocks.0          [92m1.79e-01[0m
  blocks.1          [92m1.67e-01[0m
  blocks.2          [92m1.52e-01[0m
  blocks.3          [92m1.55e-01[0m
  blocks.4          [92m1.48e-01[0m
  blocks.5          [92m1.44e-01[0m
  [2m──────────────────────────────────────────────[0m

131/200  [92m -0.8577[0m  [93m  100.0%[0m    8.97e-05  [93m  0.2750[0m  [93m  0.1909[0m      14.2        
132/200  [92m -0.8570[0m  [93m  100.0%[0m    8.75e-05  [2m       —[0m  [2m       —[0m      10.3        
133/200  [92m -0.8580[0m  [93m   99.9%[0m    8.52e-05  [2m       —[0m  [2m       —[0m      10.1        
134/200  [92m -0.8589[0m  [93m   99.9%[0m    8.30e-05  [2m       —[0m  [2m       —[0m      10.6        
135/200  [92m -0.8601[0m  [93m   99.9%[0m    8.08e-05  [2m       —[0m  [2m       —[0m       9.9        
136/200  [92m -0.8586[0m  [93m   99.9%[0m    7.86e-05  [93m  0.2500[0m  [93m  0.1985[0m      14.2        
137/200  [92m -0.8586[0m  [93m  100.0%[0m    7.64e-05  [2m       —[0m  [2m       —[0m       9.9        
138/200  [92m -0.8592[0m  [93m   99.8%[0m    7.43e-05  [2m       —[0m  [2m       —[0m       9.8        
139/200  [92m -0.8596[0m  [93m  100.0%[0m    7.22e-05  [2m       —[0m  [2m       —[0m       9.9        
140/200  [92m -0.8625[0m  [93m   99.9%[0m    7.00e-05  [2m       —[0m  [2m       —[0m       9.9        

[1m  Triplet Health  epoch 139[0m  [93m● early phase[0m
  [2m──────────────────────────────────────────────[0m
  active               99.9%
  mean d(a,p)         1.4533  ← should decrease
  mean d(a,n)         1.2296  ← should increase
  gap                 -0.2236  ← margin = 0.1
  [2m──────────────────────────────────────────────[0m


[1m  Gradient Health[0m  [92m✓ healthy[0m
  [2m──────────────────────────────────────────────[0m
  global            [92m7.66e-01[0m
  patch_embed       [92m2.27e-01[0m
  cls_token         [92m3.79e-02[0m
  pos_embed         [92m3.91e-02[0m
  norm              [92m2.02e-02[0m
  proj_head         [92m6.17e-01[0m
  blocks.0          [92m1.88e-01[0m
  blocks.1          [92m1.72e-01[0m
  blocks.2          [92m1.50e-01[0m
  blocks.3          [92m1.54e-01[0m
  blocks.4          [92m1.43e-01[0m
  blocks.5          [92m1.40e-01[0m
  [2m──────────────────────────────────────────────[0m

141/200  [92m -0.8605[0m  [93m   99.9%[0m    6.80e-05  [93m  0.2250[0m  [93m  0.1977[0m      14.3        
142/200  [92m -0.8617[0m  [93m   99.8%[0m    6.59e-05  [2m       —[0m  [2m       —[0m       9.9        
143/200  [92m -0.8615[0m  [93m   99.8%[0m    6.39e-05  [2m       —[0m  [2m       —[0m       9.8        
144/200  [92m -0.8617[0m  [93m   99.8%[0m    6.18e-05  [2m       —[0m  [2m       —[0m       9.9        
145/200  [92m -0.8618[0m  [93m   99.9%[0m    5.98e-05  [2m       —[0m  [2m       —[0m       9.8        
146/200  [92m -0.8643[0m  [93m   99.9%[0m    5.79e-05  [93m  0.2250[0m  [93m  0.2144[0m      14.2  [96m[1m★ best[0m[0m
[2m11:02:19[0m  [96mℹ[0m  best mAP 0.2144 → runs/run_005/best_model.pth
147/200  [92m -0.8616[0m  [93m   99.8%[0m    5.59e-05  [2m       —[0m  [2m       —[0m       9.8        
148/200  [92m -0.8629[0m  [93m   99.8%[0m    5.40e-05  [2m       —[0m  [2m       —[0m       9.9        
149/200  [92m -0.8621[0m  [93m   99.9%[0m    5.21e-05  [2m       —[0m  [2m       —[0m       9.9        
150/200  [92m -0.8629[0m  [93m   99.9%[0m    5.02e-05  [2m       —[0m  [2m       —[0m       9.9        

[1m  Triplet Health  epoch 149[0m  [93m● early phase[0m
  [2m──────────────────────────────────────────────[0m
  active               99.9%
  mean d(a,p)         1.4501  ← should decrease
  mean d(a,n)         1.2272  ← should increase
  gap                 -0.2229  ← margin = 0.1
  [2m──────────────────────────────────────────────[0m


[1m  Gradient Health[0m  [92m✓ healthy[0m
  [2m──────────────────────────────────────────────[0m
  global            [92m7.94e-01[0m
  patch_embed       [92m2.67e-01[0m
  cls_token         [92m2.84e-02[0m
  pos_embed         [92m2.99e-02[0m
  norm              [92m2.14e-02[0m
  proj_head         [92m6.27e-01[0m
  blocks.0          [92m1.93e-01[0m
  blocks.1          [92m1.74e-01[0m
  blocks.2          [92m1.56e-01[0m
  blocks.3          [92m1.62e-01[0m
  blocks.4          [92m1.53e-01[0m
  blocks.5          [92m1.48e-01[0m
  [2m──────────────────────────────────────────────[0m

151/200  [92m -0.8626[0m  [93m   99.8%[0m    4.84e-05  [93m  0.2250[0m  [93m  0.2166[0m      14.2  [96m[1m★ best[0m[0m
[2m11:03:13[0m  [96mℹ[0m  best mAP 0.2166 → runs/run_005/best_model.pth
152/200  [92m -0.8599[0m  [93m   99.9%[0m    4.66e-05  [2m       —[0m  [2m       —[0m       9.8        
153/200  [92m -0.8632[0m  [93m   99.8%[0m    4.48e-05  [2m       —[0m  [2m       —[0m       9.9        
154/200  [92m -0.8640[0m  [93m   99.9%[0m    4.31e-05  [2m       —[0m  [2m       —[0m       9.8        
155/200  [92m -0.8627[0m  [93m  100.0%[0m    4.13e-05  [2m       —[0m  [2m       —[0m       9.9        
156/200  [92m -0.8626[0m  [93m   99.9%[0m    3.96e-05  [93m  0.2500[0m  [93m  0.2208[0m      14.1  [96m[1m★ best[0m[0m
[2m11:04:07[0m  [96mℹ[0m  best mAP 0.2208 → runs/run_005/best_model.pth
157/200  [92m -0.8633[0m  [93m   99.9%[0m    3.80e-05  [2m       —[0m  [2m       —[0m       9.8        
158/200  [92m -0.8667[0m  [93m   99.9%[0m    3.63e-05  [2m       —[0m  [2m       —[0m       9.9        
159/200  [92m -0.8649[0m  [93m   99.9%[0m    3.47e-05  [2m       —[0m  [2m       —[0m       9.9        
160/200  [92m -0.8650[0m  [93m   99.8%[0m    3.32e-05  [2m       —[0m  [2m       —[0m       9.8        

[1m  Triplet Health  epoch 159[0m  [93m● early phase[0m
  [2m──────────────────────────────────────────────[0m
  active               99.8%
  mean d(a,p)         1.4483  ← should decrease
  mean d(a,n)         1.2279  ← should increase
  gap                 -0.2204  ← margin = 0.1
  [2m──────────────────────────────────────────────[0m


[1m  Gradient Health[0m  [92m✓ healthy[0m
  [2m──────────────────────────────────────────────[0m
  global            [92m8.36e-01[0m
  patch_embed       [92m3.61e-01[0m
  cls_token         [92m3.78e-02[0m
  pos_embed         [92m3.90e-02[0m
  norm              [92m2.13e-02[0m
  proj_head         [92m6.28e-01[0m
  blocks.0          [92m2.11e-01[0m
  blocks.1          [92m1.77e-01[0m
  blocks.2          [92m1.56e-01[0m
  blocks.3          [92m1.63e-01[0m
  blocks.4          [92m1.52e-01[0m
  blocks.5          [92m1.45e-01[0m
  [2m──────────────────────────────────────────────[0m

161/200  [92m -0.8669[0m  [93m   99.9%[0m    3.16e-05  [93m  0.2750[0m  [93m  0.2308[0m      14.3  [96m[1m★ best[0m[0m
[2m11:05:00[0m  [96mℹ[0m  best mAP 0.2308 → runs/run_005/best_model.pth
162/200  [92m -0.8652[0m  [93m   99.8%[0m    3.01e-05  [2m       —[0m  [2m       —[0m       9.8        
163/200  [92m -0.8638[0m  [93m   99.9%[0m    2.86e-05  [2m       —[0m  [2m       —[0m       9.8        
164/200  [92m -0.8638[0m  [93m  100.0%[0m    2.72e-05  [2m       —[0m  [2m       —[0m       9.9        
165/200  [92m -0.8674[0m  [93m   99.9%[0m    2.58e-05  [2m       —[0m  [2m       —[0m       9.9        
166/200  [92m -0.8655[0m  [93m   99.9%[0m    2.44e-05  [93m  0.2750[0m  [93m  0.2208[0m      14.2        
167/200  [92m -0.8676[0m  [93m   99.9%[0m    2.31e-05  [2m       —[0m  [2m       —[0m       9.8        
168/200  [92m -0.8633[0m  [93m   99.8%[0m    2.18e-05  [2m       —[0m  [2m       —[0m       9.8        
169/200  [92m -0.8668[0m  [93m   99.9%[0m    2.05e-05  [2m       —[0m  [2m       —[0m       9.9        
170/200  [92m -0.8652[0m  [93m   99.8%[0m    1.93e-05  [2m       —[0m  [2m       —[0m       9.9        

[1m  Triplet Health  epoch 169[0m  [93m● early phase[0m
  [2m──────────────────────────────────────────────[0m
  active               99.8%
  mean d(a,p)         1.4462  ← should decrease
  mean d(a,n)         1.2261  ← should increase
  gap                 -0.2201  ← margin = 0.1
  [2m──────────────────────────────────────────────[0m


[1m  Gradient Health[0m  [92m✓ healthy[0m
  [2m──────────────────────────────────────────────[0m
  global            [92m7.83e-01[0m
  patch_embed       [92m2.41e-01[0m
  cls_token         [92m3.70e-02[0m
  pos_embed         [92m3.82e-02[0m
  norm              [92m2.03e-02[0m
  proj_head         [92m6.19e-01[0m
  blocks.0          [92m2.00e-01[0m
  blocks.1          [92m1.83e-01[0m
  blocks.2          [92m1.62e-01[0m
  blocks.3          [92m1.60e-01[0m
  blocks.4          [92m1.49e-01[0m
  blocks.5          [92m1.47e-01[0m
  [2m──────────────────────────────────────────────[0m

171/200  [92m -0.8639[0m  [93m   99.9%[0m    1.81e-05  [93m  0.3000[0m  [93m  0.2349[0m      14.2  [96m[1m★ best[0m[0m
[2m11:06:47[0m  [96mℹ[0m  best mAP 0.2349 → runs/run_005/best_model.pth
172/200  [92m -0.8674[0m  [93m   99.9%[0m    1.69e-05  [2m       —[0m  [2m       —[0m       9.9        
173/200  [92m -0.8685[0m  [93m   99.8%[0m    1.58e-05  [2m       —[0m  [2m       —[0m       9.9        
174/200  [92m -0.8626[0m  [93m  100.0%[0m    1.47e-05  [2m       —[0m  [2m       —[0m       9.8        
175/200  [92m -0.8666[0m  [93m   99.8%[0m    1.36e-05  [2m       —[0m  [2m       —[0m       9.9        
176/200  [92m -0.8668[0m  [93m   99.8%[0m    1.26e-05  [93m  0.2500[0m  [93m  0.2318[0m      14.3        
177/200  [92m -0.8687[0m  [93m   99.7%[0m    1.17e-05  [2m       —[0m  [2m       —[0m       9.9        
178/200  [92m -0.8677[0m  [93m   99.8%[0m    1.07e-05  [2m       —[0m  [2m       —[0m       9.8        
179/200  [92m -0.8691[0m  [93m   99.8%[0m    9.82e-06  [2m       —[0m  [2m       —[0m      10.0        
180/200  [92m -0.8671[0m  [93m   99.7%[0m    8.95e-06  [2m       —[0m  [2m       —[0m      10.0        

[1m  Triplet Health  epoch 179[0m  [93m● early phase[0m
  [2m──────────────────────────────────────────────[0m
  active               99.7%
  mean d(a,p)         1.4444  ← should decrease
  mean d(a,n)         1.2263  ← should increase
  gap                 -0.2181  ← margin = 0.1
  [2m──────────────────────────────────────────────[0m


[1m  Gradient Health[0m  [92m✓ healthy[0m
  [2m──────────────────────────────────────────────[0m
  global            [92m7.56e-01[0m
  patch_embed       [92m2.57e-01[0m
  cls_token         [92m4.16e-02[0m
  pos_embed         [92m4.26e-02[0m
  norm              [92m2.21e-02[0m
  proj_head         [92m5.94e-01[0m
  blocks.0          [92m1.86e-01[0m
  blocks.1          [92m1.69e-01[0m
  blocks.2          [92m1.52e-01[0m
  blocks.3          [92m1.49e-01[0m
  blocks.4          [92m1.43e-01[0m
  blocks.5          [92m1.37e-01[0m
  [2m──────────────────────────────────────────────[0m

181/200  [92m -0.8638[0m  [93m   99.9%[0m    8.13e-06  [93m  0.2500[0m  [93m  0.2312[0m      14.2        
182/200  [92m -0.8668[0m  [93m   99.7%[0m    7.34e-06  [2m       —[0m  [2m       —[0m       9.9        
183/200  [92m -0.8704[0m  [93m   99.8%[0m    6.59e-06  [2m       —[0m  [2m       —[0m       9.9        
184/200  [92m -0.8680[0m  [93m   99.8%[0m    5.89e-06  [2m       —[0m  [2m       —[0m       9.9        
185/200  [92m -0.8678[0m  [93m   99.9%[0m    5.22e-06  [2m       —[0m  [2m       —[0m       9.9        
186/200  [92m -0.8668[0m  [93m   99.8%[0m    4.59e-06  [93m  0.2500[0m  [93m  0.2357[0m      14.1  [96m[1m★ best[0m[0m
[2m11:09:29[0m  [96mℹ[0m  best mAP 0.2357 → runs/run_005/best_model.pth
187/200  [92m -0.8666[0m  [93m   99.7%[0m    4.00e-06  [2m       —[0m  [2m       —[0m       9.9        
188/200  [92m -0.8695[0m  [93m   99.6%[0m    3.45e-06  [2m       —[0m  [2m       —[0m       9.8        
189/200  [92m -0.8688[0m  [93m   99.8%[0m    2.94e-06  [2m       —[0m  [2m       —[0m       9.9        
190/200  [92m -0.8667[0m  [93m   99.8%[0m    2.47e-06  [2m       —[0m  [2m       —[0m       9.9        

[1m  Triplet Health  epoch 189[0m  [93m● early phase[0m
  [2m──────────────────────────────────────────────[0m
  active               99.8%
  mean d(a,p)         1.4460  ← should decrease
  mean d(a,n)         1.2275  ← should increase
  gap                 -0.2185  ← margin = 0.1
  [2m──────────────────────────────────────────────[0m


[1m  Gradient Health[0m  [92m✓ healthy[0m
  [2m──────────────────────────────────────────────[0m
  global            [92m7.89e-01[0m
  patch_embed       [92m2.81e-01[0m
  cls_token         [92m3.28e-02[0m
  pos_embed         [92m3.42e-02[0m
  norm              [92m2.03e-02[0m
  proj_head         [92m6.15e-01[0m
  blocks.0          [92m1.97e-01[0m
  blocks.1          [92m1.73e-01[0m
  blocks.2          [92m1.56e-01[0m
  blocks.3          [92m1.60e-01[0m
  blocks.4          [92m1.53e-01[0m
  blocks.5          [92m1.44e-01[0m
  [2m──────────────────────────────────────────────[0m

191/200  [92m -0.8689[0m  [93m   99.7%[0m    2.05e-06  [93m  0.2500[0m  [93m  0.2353[0m      14.2        
192/200  [92m -0.8699[0m  [93m   99.8%[0m    1.66e-06  [2m       —[0m  [2m       —[0m       9.9        
193/200  [92m -0.8694[0m  [93m   99.8%[0m    1.31e-06  [2m       —[0m  [2m       —[0m       9.9        
194/200  [92m -0.8683[0m  [93m   99.9%[0m    1.00e-06  [2m       —[0m  [2m       —[0m      10.0        
195/200  [92m -0.8690[0m  [93m   99.8%[0m    7.38e-07  [2m       —[0m  [2m       —[0m       9.9        
196/200  [92m -0.8670[0m  [93m   99.9%[0m    5.12e-07  [93m  0.2250[0m  [93m  0.2328[0m      14.1        
197/200  [92m -0.8689[0m  [93m   99.8%[0m    3.28e-07  [2m       —[0m  [2m       —[0m      10.0        
198/200  [92m -0.8714[0m  [93m  100.0%[0m    1.85e-07  [2m       —[0m  [2m       —[0m       9.9        
199/200  [92m -0.8693[0m  [93m   99.8%[0m    8.20e-08  [2m       —[0m  [2m       —[0m      10.0        
wandb: updating run metadata
wandb: uploading config.yaml; uploading output.log
wandb: uploading history steps 198-199, summary, console lines 760-804
wandb: 
wandb: Run history:
wandb:             epoch ▁▁▁▁▁▂▂▂▂▂▂▂▂▂▂▃▃▃▃▄▄▄▄▄▄▅▅▆▆▆▇▇▇▇▇▇▇▇██
wandb:          eval/mAP ▁▂▂▂▂▂▃▃▃▃▃▃▃▄▄▄▄▄▄▄▅▅▆▆▇▇▆▇▇▇▇▇█▇██████
wandb: eval/mAP_baseline ▁▁▁▁▁▁▁▁▁▁▁▁▁▁▁▁▁▁▁▁▁▁▁▁▁▁▁▁▁▁▁▁▁▁▁▁▁▁▁▁
wandb:        eval/rank1 ▂▃▅▄▃▂▂▃▂▁▂▃▆▄▆▄▄▃▅▆▅▇█▆█▇▇▆▆▆▆▆▇▇█▆▆▆▆▆
wandb:     grad/blocks.0 █▇▃▂▂▂▁▁▁▁▁▁▁▁▁▁▁▁▁▁▁▁▁▁▁▁▁▁▁▁▁▁▁▁▁▁▁▁▁▁
wandb:     grad/blocks.1 █▇▆▆▅▄▃▂▂▂▂▁▁▁▁▁▁▁▁▁▁▁▁▁▁▁▂▂▂▂▁▂▂▂▂▂▂▂▂▂
wandb:     grad/blocks.2 █▃▃▂▂▂▁▁▁▁▁▁▁▁▁▁▁▁▁▁▁▁▁▁▁▁▁▁▁▁▁▁▁▁▁▁▁▁▁▁
wandb:     grad/blocks.3 █▅▄▄▄▃▂▂▂▂▂▁▁▁▁▁▁▁▁▁▁▁▁▁▁▁▁▁▁▁▁▁▁▁▁▁▁▁▁▁
wandb:     grad/blocks.4 █▅▅▄▄▂▂▂▂▂▁▁▂▂▁▂▂▂▂▁▂▁▂▁▁▂▂▂▂▁▂▂▂▂▂▂▃▂▂▂
wandb:     grad/blocks.5 █▇▅▄▄▃▃▃▂▂▁▂▁▁▁▁▁▁▁▁▁▁▁▁▁▁▁▁▁▁▁▁▁▁▁▁▁▁▁▁
wandb:               +13 ...
wandb: 
wandb: Run summary:
wandb:    beats_baseline False
wandb:          best_mAP 0.23567
wandb:             epoch 199
wandb:          eval/mAP 0.23343
wandb: eval/mAP_baseline 0.36
wandb:        eval/rank1 0.225
wandb:     grad/blocks.0 0.20312
wandb:     grad/blocks.1 0.18145
wandb:     grad/blocks.2 0.1587
wandb:     grad/blocks.3 0.15887
wandb:               +15 ...
wandb: 
wandb: 🚀 View run run_005 at: https://wandb.ai/florent-volvert-university-of-li-ge/vehicle-reid/runs/ctn83s34
wandb: ⭐️ View project at: https://wandb.ai/florent-volvert-university-of-li-ge/vehicle-reid
wandb: Synced 5 W&B file(s), 0 media file(s), 0 artifact file(s) and 0 other file(s)
wandb: Find logs at: wandb_runs/wandb/run-20260514_103503-ctn83s34/logs
200/200  [92m -0.8709[0m  [93m   99.8%[0m    2.05e-08  [93m  0.2250[0m  [93m  0.2334[0m      14.2        

[1m  Triplet Health  epoch 199[0m  [93m● early phase[0m
  [2m──────────────────────────────────────────────[0m
  active               99.8%
  mean d(a,p)         1.4428  ← should decrease
  mean d(a,n)         1.2284  ← should increase
  gap                 -0.2143  ← margin = 0.1
  [2m──────────────────────────────────────────────[0m


[1m  Gradient Health[0m  [92m✓ healthy[0m
  [2m──────────────────────────────────────────────[0m
  global            [92m7.99e-01[0m
  patch_embed       [92m2.83e-01[0m
  cls_token         [92m3.57e-02[0m
  pos_embed         [92m3.74e-02[0m
  norm              [92m2.22e-02[0m
  proj_head         [92m6.22e-01[0m
  blocks.0          [92m2.03e-01[0m
  blocks.1          [92m1.81e-01[0m
  blocks.2          [92m1.59e-01[0m
  blocks.3          [92m1.59e-01[0m
  blocks.4          [92m1.56e-01[0m
  blocks.5          [92m1.40e-01[0m
  [2m──────────────────────────────────────────────[0m


📊  Plotting 200 epochs → runs/run_005/plots/
   ✓ 01_loss.png
   ✓ 02_retrieval.png
   ✓ 03_active_pct.png
   ✓ 04_lr.png
   ✓ 05_triplet_gap.png
   ✓ 06_grad_norms.png
   ✓ 00_dashboard.png


[1m┌──────────────────────────────────────────────────────────────┐[0m
[1m│                      Training Complete                       │[0m
[1m├──────────────────────────────────────────────────────────────┤[0m
[1m│  Best mAP : 0.2357  [91m✗ below 36% baseline[0m         │[0m
[1m│  CSV      : runs/run_005/metrics.csv                         │[0m
[1m│  Ckpt     : runs/run_005/best_model.pth                      │[0m
[1m└──────────────────────────────────────────────────────────────┘[0m

